[toolkit] Log started May 25 2026 01:48:00
[toolkit] Log path: C:\Users\segdgf\Desktop\ProjectA\Game\toolkit\toolkit.log
[toolkit] ===== Project A Debug Console =====
[toolkit] Build: May 25 2026 01:48:00
[toolkit] PID: 7348
[toolkit] OutputDebugStringA hooked @ 00007ff931bb4610
[toolkit] OutputDebugStringW hooked @ 00007ff931bad450
[toolkit] Ready — watching for game output...
[toolkit] ─────────────────────────────────────
[ODS] Syminitialize Failed: 87
[ODS] [2026.05.25-00.24.19:952][  0]LogModuleManager: Warning: ModuleManager: Module 'TextureCompressor' not found - its StaticallyLinkedModuleInitializers function is null.
[ODS] [2026.05.25-00.24.19:954][  0]LogMemory: Platform Memory Stats for WindowsClient
[ODS] [2026.05.25-00.24.19:955][  0]LogMemory: Process Physical Memory: 374.41 MB used, 374.41 MB peak
[ODS] [2026.05.25-00.24.19:957][  0]LogMemory: Process Virtual Memory: 277.29 MB used, 277.29 MB peak
[ODS] [2026.05.25-00.24.19:958][  0]LogMemory: Physical Memory: 10100.11 MB used,  6137.32 MB free, 16237.43 MB total
[ODS] [2026.05.25-00.24.19:960][  0]LogMemory: Virtual Memory: 5264.34 MB used,  134212464.00 MB free, 134217728.00 MB total
[ODS] [2026.05.25-00.24.22:095][  0]LogShooter: Display: -----------------------------------------
[ODS] [2026.05.25-00.24.22:098][  0]LogShooter: Display: CI Server Version: release-0.45-13-404591
[ODS] [2026.05.25-00.24.22:101][  0]LogShooter: Display: ARES_BUILD_BRANCH: release-0.45
[ODS] [2026.05.25-00.24.22:103][  0]LogShooter: Display: ARES_BUILD_CHANGELIST: 404591
[ODS] [2026.05.25-00.24.22:104][  0]LogShooter: Display: ARES_BUILD_VERSION: 13
[ODS] [2026.05.25-00.24.22:105][  0]LogShooter: Display: -----------------------------------------
[ODS] [2026.05.25-00.24.26:445][  0]LogAbilitySystem: Warning: FGameplayAttribute::PostSerialize called on an invalid attribute with owner AresAttributeSet and name ExtraGrenadeSlots. (Asset: /Game/Buffs/Buff_ExtraGrenade.Default__Buff_ExtraGrenade_C)
[ODS] [2026.05.25-00.24.26:449][  0]LogMaterial: Warning: /Game/Characters/_Core/1P/1P_Material/1P_Material.1P_Material: Failed to compile Material for platform PCD3D_SM5, Default Material will be used in game.
[ODS] [2026.05.25-00.24.26:485][  0]LogAkAudio: Error: Failed to load(ErrorCode=2) SoundBank Init
[ODS] [2026.05.25-00.24.26:487][  0]LogAkAudio: Error: Failed to load(ErrorCode=2) SoundBank Init
[ODS] [2026.05.25-00.24.26:489][  0]LogAkAudio: Error: Failed to load(ErrorCode=2) SoundBank Bank_Explosion_Media
[ODS] [2026.05.25-00.24.26:491][  0]LogAkAudio: Error: Failed to load(ErrorCode=2) SoundBank Bank_Explosion_Events
[ODS] [2026.05.25-00.24.26:493][  0]LogAkAudio: Error: Failed to load(ErrorCode=2) SoundBank Bank_Char_Thorne_VO_Media
[ODS] [2026.05.25-00.24.26:495][  0]LogAkAudio: Error: Failed to load(ErrorCode=2) SoundBank Bank_Char_Pandemic_VO_Media
[ODS] [2026.05.25-00.24.26:498][  0]LogAkAudio: Error: Failed to load(ErrorCode=2) SoundBank Bank_Char_Pandemic_VO_Events
[ODS] [2026.05.25-00.24.26:502][  0]LogAkAudio: Error: Failed to load(ErrorCode=2) SoundBank Bank_Char_Thorne_VO_Events
[ODS] [2026.05.25-00.24.26:504][  0]LogAkAudio: Error: Failed to load(ErrorCode=2) SoundBank Banks_Utilities_Events
[ODS] [2026.05.25-00.24.26:507][  0]LogAkAudio: Error: Failed to load(ErrorCode=2) SoundBank Bank_Char_Phoenix_VO_Media
[ODS] [2026.05.25-00.24.26:510][  0]LogAkAudio: Error: Failed to load(ErrorCode=2) SoundBank Bank_Char_Phoenix_VO_Events
[ODS] [2026.05.25-00.24.26:514][  0]LogAkAudio: Error: Failed to load(ErrorCode=2) SoundBank Bank_Char_Phoenix_SFX_Media
[ODS] [2026.05.25-00.24.26:516][  0]LogAkAudio: Error: Failed to load(ErrorCode=2) SoundBank Bank_Char_Phoenix_SFX_Events
[ODS] [2026.05.25-00.24.26:518][  0]LogAkAudio: Error: Failed to load(ErrorCode=2) SoundBank Bank_MagDrop_DrumMag_Media
[ODS] [2026.05.25-00.24.26:520][  0]LogAkAudio: Error: Failed to load(ErrorCode=2) SoundBank Bank_MagDrop_DrumMag_Events
[ODS] [2026.05.25-00.24.26:522][  0]LogAkAudio: Error: Failed to load(ErrorCode=2) SoundBank Bank_Guns_Fire_ShotgunAuto_Media
[ODS] [2026.05.25-00.24.26:526][  0]LogAkAudio: Error: Failed to load(ErrorCode=2) SoundBank Bank_Guns_Fire_ShotgunAuto_Events
[ODS] [2026.05.25-00.24.26:528][  0]LogAkAudio: Error: Failed to load(ErrorCode=2) SoundBank Banks_Guns_Movement_AutoPistol_Media
[ODS] [2026.05.25-00.24.26:531][  0]LogAkAudio: Error: Failed to load(ErrorCode=2) SoundBank Banks_Guns_Movement_AutoPistol_Events
[ODS] [2026.05.25-00.24.26:533][  0]LogAkAudio: Error: Failed to load(ErrorCode=2) SoundBank Bank_Guns_Fire_Luger_Sil_Media
[ODS] [2026.05.25-00.24.26:537][  0]LogAkAudio: Error: Failed to load(ErrorCode=2) SoundBank Bank_Guns_Fire_Luger_Sil_Events
[ODS] [2026.05.25-00.24.26:540][  0]LogAkAudio: Error: Failed to load(ErrorCode=2) SoundBank Bank_Guns_Fire_Revolver_Media
[ODS] [2026.05.25-00.24.26:546][  0]LogAkAudio: Error: Failed to load(ErrorCode=2) SoundBank Bank_Guns_Fire_Revolver_Events
[ODS] [2026.05.25-00.24.26:549][  0]LogAkAudio: Error: Failed to load(ErrorCode=2) SoundBank Banks_Guns_Movement_Revolver_Media
[ODS] [2026.05.25-00.24.26:551][  0]LogAkAudio: Error: Failed to load(ErrorCode=2) SoundBank Banks_Guns_Movement_Revolver_Events
[ODS] [2026.05.25-00.24.26:553][  0]LogAkAudio: Error: Failed to load(ErrorCode=2) SoundBank Bank_Guns_Fire_ShotgunSawed_Media
[ODS] [2026.05.25-00.24.26:555][  0]LogAkAudio: Error: Failed to load(ErrorCode=2) SoundBank Bank_Guns_Fire_ShotgunSawed_Events
[ODS] [2026.05.25-00.24.26:559][  0]LogAkAudio: Error: Failed to load(ErrorCode=2) SoundBank Bank_Map_Orbs_Media
[ODS] [2026.05.25-00.24.26:561][  0]LogAkAudio: Error: Failed to load(ErrorCode=2) SoundBank Bank_Map_Orbs_Events
[ODS] [2026.05.25-00.24.26:564][  0]LogAkAudio: Error: Failed to load(ErrorCode=2) SoundBank Bank_Map_Kingpin_Media
[ODS] [2026.05.25-00.24.26:566][  0]LogAkAudio: Error: Failed to load(ErrorCode=2) SoundBank Bank_Map_Kingpin_Events
[ODS] [2026.05.25-00.24.26:568][  0]LogAkAudio: Error: Failed to load(ErrorCode=2) SoundBank Bank_Guns_Drop_Pickup_Media
[ODS] [2026.05.25-00.24.26:572][  0]LogAkAudio: Error: Failed to load(ErrorCode=2) SoundBank Bank_Guns_Drop_Pickup_Events
[ODS] [2026.05.25-00.24.26:581][  0]LogAkAudio: Error: Failed to load(ErrorCode=2) SoundBank Bank_Map_Range_Media
[ODS] [2026.05.25-00.24.26:583][  0]LogAkAudio: Error: Failed to load(ErrorCode=2) SoundBank Bank_Map_Range_Events
[ODS] [2026.05.25-00.24.26:585][  0]LogAkAudio: Error: Failed to load(ErrorCode=2) SoundBank Bank_GunDrop_SMG_Media
[ODS] [2026.05.25-00.24.26:589][  0]LogAkAudio: Error: Failed to load(ErrorCode=2) SoundBank Bank_GunDrop_SMG_Events
[ODS] [2026.05.25-00.24.26:605][  0]LogAkAudio: Error: Failed to load(ErrorCode=2) SoundBank Bank_MagDrop_SMG_Media
[ODS] [2026.05.25-00.24.26:612][  0]LogAkAudio: Error: Failed to load(ErrorCode=2) SoundBank Bank_MagDrop_SMG_Events
[ODS] [2026.05.25-00.24.26:620][  0]LogAkAudio: Error: Failed to load(ErrorCode=2) SoundBank Bank_Guns_Fire_MP5_Media
[ODS] [2026.05.25-00.24.26:627][  0]LogAkAudio: Error: Failed to load(ErrorCode=2) SoundBank Bank_Guns_Fire_MP5_Events
[ODS] [2026.05.25-00.24.26:638][  0]LogAkAudio: Error: Failed to load(ErrorCode=2) SoundBank Bank_NPE_VO_Media
[ODS] [2026.05.25-00.24.26:643][  0]LogAkAudio: Error: Failed to load(ErrorCode=2) SoundBank Bank_NPE_VO_Events
[ODS] [2026.05.25-00.24.26:647][  0]LogAkAudio: Error: Failed to load(ErrorCode=2) SoundBank Bank_GunDrop_Rifle_Media
[ODS] [2026.05.25-00.24.26:657][  0]LogAkAudio: Error: Failed to load(ErrorCode=2) SoundBank Bank_GunDrop_Rifle_Events
[ODS] [2026.05.25-00.24.26:661][  0]LogAkAudio: Error: Failed to load(ErrorCode=2) SoundBank Bank_MagDrop_Rifle_Media
[ODS] [2026.05.25-00.24.26:667][  0]LogAkAudio: Error: Failed to load(ErrorCode=2) SoundBank Bank_MagDrop_Rifle_Events
[ODS] [2026.05.25-00.24.26:672][  0]LogAkAudio: Error: Failed to load(ErrorCode=2) SoundBank Bank_Guns_Fire_Carbine_Media
[ODS] [2026.05.25-00.24.26:676][  0]LogAkAudio: Error: Failed to load(ErrorCode=2) SoundBank Bank_Guns_Fire_Carbine_Events
[ODS] [2026.05.25-00.24.26:683][  0]LogAkAudio: Error: Failed to load(ErrorCode=2) SoundBank Banks_Guns_Movement_Carbine_Media
[ODS] [2026.05.25-00.24.26:687][  0]LogAkAudio: Error: Failed to load(ErrorCode=2) SoundBank Banks_Guns_Movement_Carbine_Events
[ODS] [2026.05.25-00.24.26:693][  0]LogAkAudio: Error: Failed to load(ErrorCode=2) SoundBank Bank_NPE_Media
[ODS] [2026.05.25-00.24.26:697][  0]LogAkAudio: Error: Failed to load(ErrorCode=2) SoundBank Bank_NPE_Events
[ODS] [2026.05.25-00.24.26:700][  0]LogAkAudio: Error: Failed to load(ErrorCode=2) SoundBank Bank_Map_ShootingRange_Media
[ODS] [2026.05.25-00.24.26:703][  0]LogAkAudio: Error: Failed to load(ErrorCode=2) SoundBank Bank_Map_ShootingRange_Events
[ODS] [2026.05.25-00.24.26:705][  0]LogAkAudio: Error: Failed to load(ErrorCode=2) SoundBank Banks_Guns_Movement_SawedOff_Media
[ODS] [2026.05.25-00.24.26:710][  0]LogAkAudio: Error: Failed to load(ErrorCode=2) SoundBank Banks_Guns_Movement_SawedOff_Events
[ODS] [2026.05.25-00.24.26:715][  0]LogAkAudio: Error: Failed to load(ErrorCode=2) SoundBank Banks_Guns_Movement_Scope_Media
[ODS] [2026.05.25-00.24.26:719][  0]LogAkAudio: Error: Failed to load(ErrorCode=2) SoundBank Banks_Guns_Movement_Scope_Events
[ODS] [2026.05.25-00.24.26:722][  0]LogAkAudio: Error: Failed to load(ErrorCode=2) SoundBank Bank_Char_TrainingBot_SFX_Media
[ODS] [2026.05.25-00.24.26:725][  0]LogAkAudio: Error: Failed to load(ErrorCode=2) SoundBank Bank_Char_TrainingBot_SFX_Events
[ODS] [2026.05.25-00.24.26:729][  0]LogAkAudio: Error: Failed to load(ErrorCode=2) SoundBank Bank_FS_HardSoleBoot_Media
[ODS] [2026.05.25-00.24.26:731][  0]LogAkAudio: Error: Failed to load(ErrorCode=2) SoundBank Bank_FS_HardSoleBoot_Events
[ODS] [2026.05.25-00.24.26:734][  0]LogAkAudio: Error: Failed to load(ErrorCode=2) SoundBank Bank_Map_NPE_Media
[ODS] [2026.05.25-00.24.26:736][  0]LogAkAudio: Error: Failed to load(ErrorCode=2) SoundBank Bank_Map_NPE_Events
[ODS] [2026.05.25-00.24.26:738][  0]LogAkAudio: Error: Failed to load(ErrorCode=2) SoundBank Banks_Finishers_SoulStealer_Media
[ODS] [2026.05.25-00.24.26:741][  0]LogAkAudio: Error: Failed to load(ErrorCode=2) SoundBank Banks_Finishers_SoulStealer_Events
[ODS] [2026.05.25-00.24.26:748][  0]LogAkAudio: Error: Failed to load(ErrorCode=2) SoundBank Music_Media
[ODS] [2026.05.25-00.24.26:751][  0]LogAkAudio: Error: Failed to load(ErrorCode=2) SoundBank Music_Events
[ODS] [2026.05.25-00.24.26:753][  0]LogAkAudio: Error: Failed to load(ErrorCode=2) SoundBank Bank_Char_Aamir_VO_Media
[ODS] [2026.05.25-00.24.26:756][  0]LogAkAudio: Error: Failed to load(ErrorCode=2) SoundBank Bank_Char_Aamir_VO_Events
[ODS] [2026.05.25-00.24.26:763][  0]LogAkAudio: Error: Failed to load(ErrorCode=2) SoundBank FallDamage_Media
[ODS] [2026.05.25-00.24.26:770][  0]LogAkAudio: Error: Failed to load(ErrorCode=2) SoundBank FallDamage_Events
[ODS] [2026.05.25-00.24.26:780][  0]LogAkAudio: Error: Failed to load(ErrorCode=2) SoundBank Bank_Bodyfalls_Media
[ODS] [2026.05.25-00.24.26:786][  0]LogAkAudio: Error: Failed to load(ErrorCode=2) SoundBank Bank_Bodyfalls_Events
[ODS] [2026.05.25-00.24.26:791][  0]LogAkAudio: Error: Failed to load(ErrorCode=2) SoundBank Bank_GunDrop_Pistol_Media
[ODS] [2026.05.25-00.24.26:794][  0]LogAkAudio: Error: Failed to load(ErrorCode=2) SoundBank Bank_GunDrop_Pistol_Events
[ODS] [2026.05.25-00.24.26:796][  0]LogAkAudio: Error: Failed to load(ErrorCode=2) SoundBank Bank_MagDrop_Pistol_Media
[ODS] [2026.05.25-00.24.26:799][  0]LogAkAudio: Error: Failed to load(ErrorCode=2) SoundBank Bank_MagDrop_Pistol_Events
[ODS] [2026.05.25-00.24.26:801][  0]LogAkAudio: Error: Failed to load(ErrorCode=2) SoundBank Bank_Guns_Shells_Media
[ODS] [2026.05.25-00.24.26:805][  0]LogAkAudio: Error: Failed to load(ErrorCode=2) SoundBank Bank_Guns_Shells_Events
[ODS] [2026.05.25-00.24.26:807][  0]LogAkAudio: Error: Failed to load(ErrorCode=2) SoundBank Bank_Guns_Fire_Glock_Media
[ODS] [2026.05.25-00.24.26:810][  0]LogAkAudio: Error: Failed to load(ErrorCode=2) SoundBank Bank_Guns_Fire_Glock_Events
[ODS] [2026.05.25-00.24.26:813][  0]LogAkAudio: Error: Failed to load(ErrorCode=2) SoundBank Banks_Guns_Movement_Luger_Media
[ODS] [2026.05.25-00.24.26:816][  0]LogAkAudio: Error: Failed to load(ErrorCode=2) SoundBank Banks_Guns_Movement_Luger_Events
[ODS] [2026.05.25-00.24.26:818][  0]LogAkAudio: Error: Failed to load(ErrorCode=2) SoundBank Bank_Bullet_Whiz_Media
[ODS] [2026.05.25-00.24.26:822][  0]LogAkAudio: Error: Failed to load(ErrorCode=2) SoundBank Bank_Bullet_Whiz_Events
[ODS] [2026.05.25-00.24.26:824][  0]LogAkAudio: Error: Failed to load(ErrorCode=2) SoundBank Bank_Char_Killjoy_SFX_Media
[ODS] [2026.05.25-00.24.26:826][  0]LogAkAudio: Error: Failed to load(ErrorCode=2) SoundBank Bank_Char_Killjoy_SFX_Events
[ODS] [2026.05.25-00.24.26:828][  0]LogAkAudio: Error: Failed to load(ErrorCode=2) SoundBank Bank_FS_DressShoe_Media
[ODS] [2026.05.25-00.24.26:830][  0]LogAkAudio: Error: Failed to load(ErrorCode=2) SoundBank Bank_FS_DressShoe_Events
[ODS] [2026.05.25-00.24.26:832][  0]LogAkAudio: Error: Failed to load(ErrorCode=2) SoundBank Bank_Announcer_Base_VO_Media
[ODS] [2026.05.25-00.24.26:834][  0]LogAkAudio: Error: Failed to load(ErrorCode=2) SoundBank Bank_Announcer_Base_VO_Events
[ODS] [2026.05.25-00.24.26:838][  0]LogAkAudio: Error: Failed to load(ErrorCode=2) SoundBank Bank_Char_Wushu_SFX_Media
[ODS] [2026.05.25-00.24.26:840][  0]LogAkAudio: Error: Failed to load(ErrorCode=2) SoundBank Bank_Char_Wushu_SFX_Events
[ODS] [2026.05.25-00.24.26:843][  0]LogAkAudio: Error: Failed to load(ErrorCode=2) SoundBank Bank_Char_Hunter_VO_Media
[ODS] [2026.05.25-00.24.26:845][  0]LogAkAudio: Error: Failed to load(ErrorCode=2) SoundBank Bank_Char_Hunter_VO_Events
[ODS] [2026.05.25-00.24.26:847][  0]LogAkAudio: Error: Failed to load(ErrorCode=2) SoundBank Bank_Bullet_Impacts_Media
[ODS] [2026.05.25-00.24.26:849][  0]LogAkAudio: Error: Failed to load(ErrorCode=2) SoundBank Bank_Bullet_Impacts_Events
[ODS] [2026.05.25-00.24.26:853][  0]LogAkAudio: Error: Failed to load(ErrorCode=2) SoundBank Banks_Char_Pandemic_SFX_Media
[ODS] [2026.05.25-00.24.26:855][  0]LogAkAudio: Error: Failed to load(ErrorCode=2) SoundBank Banks_Char_Pandemic_SFX_Events
[ODS] [2026.05.25-00.24.26:858][  0]LogAkAudio: Error: Failed to load(ErrorCode=2) SoundBank Bank_Char_Thorne_SFX_Media
[ODS] [2026.05.25-00.24.26:860][  0]LogAkAudio: Error: Failed to load(ErrorCode=2) SoundBank Bank_Char_Thorne_SFX_Events
[ODS] [2026.05.25-00.24.26:862][  0]LogAkAudio: Error: Failed to load(ErrorCode=2) SoundBank Banks_Guns_Movement_BasePistol_Media
[ODS] [2026.05.25-00.24.26:865][  0]LogAkAudio: Error: Failed to load(ErrorCode=2) SoundBank Banks_Guns_Movement_BasePistol_Events
[ODS] [2026.05.25-00.24.26:869][  0]LogAkAudio: Error: Failed to load(ErrorCode=2) SoundBank Banks_Guns_Movement_MP5_Media
[ODS] [2026.05.25-00.24.26:872][  0]LogAkAudio: Error: Failed to load(ErrorCode=2) SoundBank Banks_Guns_Movement_MP5_Events
[ODS] [2026.05.25-00.24.26:875][  0]LogAkAudio: Error: Failed to load(ErrorCode=2) SoundBank Banks_Guns_Movement_ShotgunAuto_Media
[ODS] [2026.05.25-00.24.26:878][  0]LogAkAudio: Error: Failed to load(ErrorCode=2) SoundBank Banks_Guns_Movement_ShotgunAuto_Events
[ODS] [2026.05.25-00.24.26:881][  0]LogAkAudio: Error: Failed to load(ErrorCode=2) SoundBank Bank_Melee_Knife_Media
[ODS] [2026.05.25-00.24.26:885][  0]LogAkAudio: Error: Failed to load(ErrorCode=2) SoundBank Bank_Melee_Knife_Events
[ODS] [2026.05.25-00.24.26:887][  0]LogAkAudio: Error: Failed to load(ErrorCode=2) SoundBank Bank_UI_InGame_Media
[ODS] [2026.05.25-00.24.26:889][  0]LogAkAudio: Error: Failed to load(ErrorCode=2) SoundBank Bank_UI_InGame_Events
[ODS] [2026.05.25-00.24.26:891][  0]LogAkAudio: Error: Failed to load(ErrorCode=2) SoundBank Bank_Char_Breach_SFX_Media
[ODS] [2026.05.25-00.24.26:893][  0]LogAkAudio: Error: Failed to load(ErrorCode=2) SoundBank Bank_Char_Breach_SFX_Events
[ODS] [2026.05.25-00.24.26:896][  0]LogAkAudio: Error: Failed to load(ErrorCode=2) SoundBank Bank_Char_Wraith_SFX_Media
[ODS] [2026.05.25-00.24.26:898][  0]LogAkAudio: Error: Failed to load(ErrorCode=2) SoundBank Bank_Char_Wraith_SFX_Events
[ODS] [2026.05.25-00.24.26:902][  0]LogAkAudio: Error: Failed to load(ErrorCode=2) SoundBank Bank_Mixes
[ODS] [2026.05.25-00.24.26:904][  0]LogAkAudio: Error: Failed to load(ErrorCode=2) SoundBank Bank_Char_Gumshoe_SFX_Media
[ODS] [2026.05.25-00.24.26:906][  0]LogAkAudio: Error: Failed to load(ErrorCode=2) SoundBank Bank_Map_Portals_Media
[ODS] [2026.05.25-00.24.26:909][  0]LogAkAudio: Error: Failed to load(ErrorCode=2) SoundBank Bank_Map_Portals_Events
[ODS] [2026.05.25-00.24.26:911][  0]LogAkAudio: Error: Failed to load(ErrorCode=2) SoundBank Bank_Char_Gumshoe_SFX_Events
[ODS] [2026.05.25-00.24.26:916][  0]LogAkAudio: Error: Failed to load(ErrorCode=2) SoundBank Bank_UI_Common_Media
[ODS] [2026.05.25-00.24.26:917][  0]LogAkAudio: Error: Failed to load(ErrorCode=2) SoundBank Bank_UI_CharacterSelect_Media
[ODS] [2026.05.25-00.24.26:920][  0]LogAkAudio: Error: Failed to load(ErrorCode=2) SoundBank Bank_UI_CharacterSelect_Events
[ODS] [2026.05.25-00.24.26:922][  0]LogAkAudio: Error: Failed to load(ErrorCode=2) SoundBank Bank_UI_Common_Events
[ODS] [2026.05.25-00.24.26:924][  0]LogAkAudio: Error: Failed to load(ErrorCode=2) SoundBank Bank_CharacterSelectVO_Media
[ODS] [2026.05.25-00.24.26:926][  0]LogAkAudio: Error: Failed to load(ErrorCode=2) SoundBank Bank_UI_OutofGame_Media
[ODS] [2026.05.25-00.24.26:927][  0]LogAkAudio: Error: Failed to load(ErrorCode=2) SoundBank Bank_UI_OutofGame_Events
[ODS] [2026.05.25-00.24.26:931][  0]LogAkAudio: Error: Failed to load(ErrorCode=2) SoundBank Bank_CharacterSelectVO_Events
[ODS] [2026.05.25-00.24.26:933][  0]LogAkAudio: Error: Failed to load(ErrorCode=2) SoundBank Bank_Char_Hunter_SFX_Media
[ODS] [2026.05.25-00.24.26:935][  0]LogAkAudio: Error: Failed to load(ErrorCode=2) SoundBank Bank_Char_Hunter_SFX_Events
[ODS] [2026.05.25-00.24.26:937][  0]LogAkAudio: Error: Failed to load(ErrorCode=2) SoundBank Bank_FS_CombatBootMale_Media
[ODS] [2026.05.25-00.24.26:939][  0]LogAkAudio: Error: Failed to load(ErrorCode=2) SoundBank Bank_FS_CombatBootMale_Events
[ODS] [2026.05.25-00.24.26:941][  0]LogAkAudio: Error: Failed to load(ErrorCode=2) SoundBank Bank_Spike_Media
[ODS] [2026.05.25-00.24.26:944][  0]LogAkAudio: Error: Failed to load(ErrorCode=2) SoundBank Bank_Spike_Events
[ODS] [2026.05.25-00.24.26:946][  0]LogAkAudio: Error: Failed to load(ErrorCode=2) SoundBank Bank_Armor_Media
[ODS] [2026.05.25-00.24.26:949][  0]LogAkAudio: Error: Failed to load(ErrorCode=2) SoundBank Bank_Armor_Events
[ODS] [2026.05.25-00.24.26:951][  0]LogAkAudio: Error: Failed to load(ErrorCode=2) SoundBank Test_AudioForDesigners_Media
[ODS] [2026.05.25-00.24.26:953][  0]LogAkAudio: Error: Failed to load(ErrorCode=2) SoundBank Test_AudioForDesigners_Events
[ODS] [2026.05.25-00.24.27:387][  0]LogStreamableManager: Warning: RequestAsyncLoad called with both valid and null assets, null assets removed from /Game/Equippables/Bomb/BombEquippable.BombEquippable_C, /Game/Equippables/Bomb/BombEquippable_UIData.BombEquippable_UIData_C, /Game/Equippables/Guns/HvyMachineGuns/HMG/HeavyMachineGun.HeavyMachineGun_C, /Game/Equippables/Guns/HvyMachineGuns/HMG/HeavyMachineGunUIData.HeavyMachineGunUIData_C, /Game/Equippables/Guns/HvyMachineGuns/HMG/Attachments/Reflex/Attachment_HMG_ReflexPrimaryAsset.Attachment_HMG_ReflexPrimaryAsset_C, /Game/Equippables/Guns/HvyMachineGuns/LMG/LightMachineGun.LightMachineGun_C, /Game/Equippables/Guns/HvyMachineGuns/LMG/LightMachineGunUIData.LightMachineGunUIData_C, /Game/Equippables/Guns/HvyMachineGuns/LMG/Attachments/Reflex/RedDot/Attachment_LMG_Reflex_RedDotPrimaryAsset.Attachment_LMG_Reflex_RedDotPrimaryAsset_C, /Game/Equippables/Guns/Rifles/AK/AssaultRifle_AK.AssaultRifle_AK_C, /Game/Equippables/Guns/Rifles/AK/AssaultRifle_AKUIData.AssaultRifle_AKUIData_C, /Game/Equippables/Guns/Rifles/AK/Attachments/Reflex/RedDot/Attachment_AK_ReflexPrimaryAsset.Attachment_AK_ReflexPrimaryAsset_C, /Game/Equippables/Guns/Rifles/Burst/AssaultRifle_Burst.AssaultRifle_Burst_C, /Game/Equippables/Guns/Rifles/Burst/AssaultRifle_BurstUIData.AssaultRifle_BurstUIData_C, /Game/Equippables/Guns/Rifles/Burst/Attachments/Rfx/RedDot/Attachment_Burst_Reflex_RedDotPrimaryAsset.Attachment_Burst_Reflex_RedDotPrimaryAsset_C, , /Game/Equippables/Guns/Rifles/Carbine/AssaultRifle_ACR.AssaultRifle_ACR_C, /Game/Equippables/Guns/Rifles/Carbine/AssaultRifle_ACRUIData.AssaultRifle_ACRUIData_C, /Game/Equippables/Guns/Rifles/Carbine/Attachments/Reflex/RedDot/Attachment_ACR_Reflex_RedDotPrimaryAsset.Attachment_ACR_Reflex_RedDotPrimaryAsset_C, /Game/Equippables/Guns/Rifles/Carbine/Attachments/Muzzle/Silencer/Attachment_ACR_Silencer_PrimaryAsset.Attachment_ACR_Silencer_PrimaryAsset_C, /Game/Equippables/Guns/Shotguns/AutoShotgun/AutomaticShotgun.AutomaticShotgun_C, /Game/Equippables/Guns/Shotguns/AutoShotgun/AutomaticShotgunUIData.AutomaticShotgunUIData_C, /Game/Equippables/Guns/Shotguns/PumpShotgun/PumpShotgun.PumpShotgun_C, /Game/Equippables/Guns/Shotguns/PumpShotgun/PumpShotgunUIData.PumpShotgunUIData_C, /Game/Equippables/Guns/Sidearms/AutoPistol/AutomaticPistol.AutomaticPistol_C, /Game/Equippables/Guns/Sidearms/AutoPistol/AutomaticPistolUIData.AutomaticPistolUIData_C, /Game/Equippables/Guns/Sidearms/BasePistol/BasePistol.BasePistol_C, /Game/Equippables/Guns/Sidearms/BasePistol/BasePistolUIData.BasePistolUIData_C, /Game/Equippables/Guns/Sidearms/Luger/LugerPistol.LugerPistol_C, /Game/Equippables/Guns/Sidearms/Luger/LugerPistolUIData.LugerPistolUIData_C, /Game/Equippables/Guns/Sidearms/Luger/Attachments/Silencer/Attachment_Luger_Silencer_PrimaryAsset.Attachment_Luger_Silencer_PrimaryAsset_C, /Game/Equippables/Guns/Sidearms/Revolver/RevolverPistol.RevolverPistol_C, /Game/Equippables/Guns/Sidearms/Revolver/RevolverPistolUIData.RevolverPistolUIData_C, /Game/Equippables/Guns/Sidearms/Slim/SawedOffShotgun.SawedOffShotgun_C, /Game/Equippables/Guns/Sidearms/Slim/SawedOffShotgunUIData.SawedOffShotgunUIData_C, /Game/Equippables/Guns/SniperRifles/Boltsniper/BoltSniper.BoltSniper_C, /Game/Equippables/Guns/SniperRifles/Boltsniper/BoltSniperUIData.BoltSniperUIData_C, /Game/Equippables/Guns/SniperRifles/Boltsniper/Attachments/2XScope/Attachment_BoltSniper_2XScope_PrimaryAsset.Attachment_BoltSniper_2XScope_PrimaryAsset_C, /Game/Equippables/Guns/SniperRifles/DMR/DMR.DMR_C, /Game/Equippables/Guns/SniperRifles/DMR/DMRUIData.DMRUIData_C, /Game/Equippables/Guns/SniperRifles/DMR/Attachments/Reflex/ACOG/Attachment_DMR_Reflex_AcogPrimaryAsset.Attachment_DMR_Reflex_AcogPrimaryAsset_C, /Game/Equippables/Guns/SniperRifles/Leversniper/LeverSniperRifle.LeverSniperRifle_C, /Game/Equippables/Guns/SniperRifles/Leversniper/LeverSniperRifleUIData.LeverSniperRifleUIData_C, /Game/Equippables/Guns/SniperRifles/Leversniper/Attachments/Reflex/Default/Scope_Lever_DataAsset.Scope_Lever_DataAsset_C, /Game/Equippables/Guns/SubMachineGuns/MP5/SubMachineGun_MP5.SubMachineGun_MP5_C, /Game/Equippables/Guns/SubMachineGuns/MP5/SubMachineGun_MP5UIData.SubMachineGun_MP5UIData_C, /Game/Equippables/Guns/SubMachineGuns/MP5/Attachments/Reflex/RedDot/Attachment_MP5_Reflex_RedDotPrimaryAsset.Attachment_MP5_Reflex_RedDotPrimaryAsset_C, /Game/Equippables/Guns/SubMachineGuns/MP5/Attachments/Muzzle/Silencer/Attachment_MP5_Silencer_PrimaryAsset.Attachment_MP5_Silencer_PrimaryAsset_C, /Game/Equippables/Guns/SubMachineGuns/Vector/Vector.Vector_C, /Game/Equippables/Guns/SubMachineGuns/Vector/VectorUIData.VectorUIData_C, /Game/Equippables/Guns/SubMachineGuns/Vector/Attachments/Reflex/RedDot/Attachment_Vector_Reflex_RedDotPrimaryAsset.Attachment_Vector_Reflex_RedDotPrimaryAsset_C, /Game/Equippables/Melee/Ability_Melee_Base.Ability_Melee_Base_C, /Game/Equippables/Melee/Melee_UIData.Melee_UIData_C, !
[ODS] [2026.05.25-00.24.27:472][  0]LogStreamableManager: Warning: RequestAsyncLoad called with both valid and null assets, null assets removed from /Game/Maps/Duality/Duality_UIData.Duality_UIData_C, /Game/Maps/Poveglia/Poveglia_UIData.Poveglia_UIData_C, /Game/Maps/Poveglia/Range_NewPlayerExperience_Master_UIData.Range_NewPlayerExperience_Master_UIData_C, /Game/Maps/Triad/Triad_UIData.Triad_UIData_C, /Game/GameModes/Bomb/BombGameMode_UIData.BombGameMode_UIData_C, /Game/GameModes/Bomb/QuickPlay_BombGameMode_UIData.QuickPlay_BombGameMode_UIData_C, /Game/GameModes/NewPlayerExperience/NPEGameMode_UIData.NPEGameMode_UIData_C, /Game/GameModes/ShootingRange/ShootingRangeGameMode_UIData.ShootingRangeGameMode_UIData_C!
[ODS] [2026.05.25-00.24.28:764][  0]LogAkAudio: Error: Failed to load(ErrorCode=2) SoundBank Bank_GunDrop_HMG_Media
[ODS] [2026.05.25-00.24.28:767][  0]LogAkAudio: Error: Failed to load(ErrorCode=2) SoundBank Bank_GunDrop_HMG_Events
[ODS] [2026.05.25-00.24.28:769][  0]LogAkAudio: Error: Failed to load(ErrorCode=2) SoundBank Bank_MagDrop_BoxMag_Media
[ODS] [2026.05.25-00.24.28:771][  0]LogAkAudio: Error: Failed to load(ErrorCode=2) SoundBank Bank_MagDrop_BoxMag_Events
[ODS] [2026.05.25-00.24.28:774][  0]LogAkAudio: Error: Failed to load(ErrorCode=2) SoundBank Bank_Guns_Fire_HMG_Media
[ODS] [2026.05.25-00.24.28:776][  0]LogAkAudio: Error: Failed to load(ErrorCode=2) SoundBank Bank_Guns_Fire_HMG_Events
[ODS] [2026.05.25-00.24.28:780][  0]LogAkAudio: Error: Failed to load(ErrorCode=2) SoundBank Banks_Guns_Movement_HMG_Media
[ODS] [2026.05.25-00.24.28:783][  0]LogAkAudio: Error: Failed to load(ErrorCode=2) SoundBank Banks_Guns_Movement_HMG_Events
[ODS] [2026.05.25-00.24.28:787][  0]LogAkAudio: Error: Failed to load(ErrorCode=2) SoundBank Bank_Guns_Fire_LMG_Media
[ODS] [2026.05.25-00.24.28:789][  0]LogAkAudio: Error: Failed to load(ErrorCode=2) SoundBank Bank_Guns_Fire_LMG_Events
[ODS] [2026.05.25-00.24.28:791][  0]LogAkAudio: Error: Failed to load(ErrorCode=2) SoundBank Banks_Guns_Movement_LMG_Media
[ODS] [2026.05.25-00.24.28:794][  0]LogAkAudio: Error: Failed to load(ErrorCode=2) SoundBank Banks_Guns_Movement_LMG_Events
[ODS] [2026.05.25-00.24.28:799][  0]LogAkAudio: Error: Failed to load(ErrorCode=2) SoundBank Bank_Guns_Fire_AK47_Media
[ODS] [2026.05.25-00.24.28:801][  0]LogAkAudio: Error: Failed to load(ErrorCode=2) SoundBank Bank_Guns_Fire_AK47_Events
[ODS] [2026.05.25-00.24.28:804][  0]LogAkAudio: Error: Failed to load(ErrorCode=2) SoundBank Banks_Guns_Movement_AK47_Media
[ODS] [2026.05.25-00.24.28:807][  0]LogAkAudio: Error: Failed to load(ErrorCode=2) SoundBank Banks_Guns_Movement_AK47_Events
[ODS] [2026.05.25-00.24.28:817][  0]LogAkAudio: Error: Failed to load(ErrorCode=2) SoundBank Bank_Guns_Fire_Burst_Media
[ODS] [2026.05.25-00.24.28:821][  0]LogAkAudio: Error: Failed to load(ErrorCode=2) SoundBank Bank_Guns_Fire_Burst_Events
[ODS] [2026.05.25-00.24.28:826][  0]LogAkAudio: Error: Failed to load(ErrorCode=2) SoundBank Banks_Guns_Movement_BurstRifle_Media
[ODS] [2026.05.25-00.24.28:829][  0]LogAkAudio: Error: Failed to load(ErrorCode=2) SoundBank Banks_Guns_Movement_BurstRifle_Events
[ODS] [2026.05.25-00.24.28:833][  0]LogAkAudio: Error: Failed to load(ErrorCode=2) SoundBank Bank_Guns_Fire_ShotgunPump_Media
[ODS] [2026.05.25-00.24.28:835][  0]LogAkAudio: Error: Failed to load(ErrorCode=2) SoundBank Bank_Guns_Fire_ShotgunPump_Events
[ODS] [2026.05.25-00.24.28:839][  0]LogAkAudio: Error: Failed to load(ErrorCode=2) SoundBank Bank_Wp_Mvt_Shotgun_Pump_Media
[ODS] [2026.05.25-00.24.28:842][  0]LogAkAudio: Error: Failed to load(ErrorCode=2) SoundBank Bank_Wp_Mvt_Shotgun_Pump_Events
[ODS] [2026.05.25-00.24.28:847][  0]LogAkAudio: Error: Failed to load(ErrorCode=2) SoundBank Bank_MagDrop_BoltSniper_Media
[ODS] [2026.05.25-00.24.28:850][  0]LogAkAudio: Error: Failed to load(ErrorCode=2) SoundBank Bank_MagDrop_BoltSniper_Events
[ODS] [2026.05.25-00.24.28:852][  0]LogAkAudio: Error: Failed to load(ErrorCode=2) SoundBank Bank_Guns_Fire_SniperBolt_Media
[ODS] [2026.05.25-00.24.28:854][  0]LogAkAudio: Error: Failed to load(ErrorCode=2) SoundBank Bank_Guns_Fire_SniperBolt_Events
[ODS] [2026.05.25-00.24.28:858][  0]LogAkAudio: Error: Failed to load(ErrorCode=2) SoundBank Banks_Guns_Movement_SniperHvy_Media
[ODS] [2026.05.25-00.24.28:860][  0]LogAkAudio: Error: Failed to load(ErrorCode=2) SoundBank Banks_Guns_Movement_SniperHvy_Events
[ODS] [2026.05.25-00.24.28:862][  0]LogAkAudio: Error: Failed to load(ErrorCode=2) SoundBank Bank_Guns_Fire_DMR_Media
[ODS] [2026.05.25-00.24.28:864][  0]LogAkAudio: Error: Failed to load(ErrorCode=2) SoundBank Bank_Guns_Fire_DMR_Events
[ODS] [2026.05.25-00.24.28:866][  0]LogAkAudio: Error: Failed to load(ErrorCode=2) SoundBank Banks_Guns_Movement_DMR_Media
[ODS] [2026.05.25-00.24.28:868][  0]LogAkAudio: Error: Failed to load(ErrorCode=2) SoundBank Banks_Guns_Movement_DMR_Events
[ODS] [2026.05.25-00.24.28:872][  0]LogAkAudio: Error: Failed to load(ErrorCode=2) SoundBank Bank_Guns_Fire_SniperLever_Media
[ODS] [2026.05.25-00.24.28:874][  0]LogAkAudio: Error: Failed to load(ErrorCode=2) SoundBank Bank_Guns_Fire_SniperLever_Events
[ODS] [2026.05.25-00.24.28:876][  0]LogAkAudio: Error: Failed to load(ErrorCode=2) SoundBank Banks_Guns_Movement_Sniper_Tier1_Media
[ODS] [2026.05.25-00.24.28:878][  0]LogAkAudio: Error: Failed to load(ErrorCode=2) SoundBank Banks_Guns_Movement_Sniper_Tier1_Events
[ODS] [2026.05.25-00.24.28:885][  0]LogAkAudio: Error: Failed to load(ErrorCode=2) SoundBank Bank_Guns_Fire_Vector_Media
[ODS] [2026.05.25-00.24.28:889][  0]LogAkAudio: Error: Failed to load(ErrorCode=2) SoundBank Bank_Guns_Fire_Vector_Events
[ODS] [2026.05.25-00.24.28:891][  0]LogAkAudio: Error: Failed to load(ErrorCode=2) SoundBank Banks_Guns_Movement_Vector_Media
[ODS] [2026.05.25-00.24.28:894][  0]LogAkAudio: Error: Failed to load(ErrorCode=2) SoundBank Banks_Guns_Movement_Vector_Events
[ODS] [2026.05.25-00.24.28:896][  0]LogAkAudio: Error: Failed to load(ErrorCode=2) SoundBank Bank_Music_Arc1_Media
[ODS] [2026.05.25-00.24.28:898][  0]LogAkAudio: Error: Failed to load(ErrorCode=2) SoundBank Bank_Music_Arc1_Events
[ODS] [2026.05.25-00.24.29:024][  0]LogVanguardManager: Warning: Making Vanguard Manager
[ODS] [2026.05.25-00.24.29:146][  0]LogAkAudio: Error: Failed to load file package Bank_Announcer_Base_VO_Events_Zh-CN.pck
[ODS] [2026.05.25-00.24.29:150][  0]LogAkAudio: Error: Failed to load file package Bank_Announcer_Base_VO_Media_Zh-CN.pck
[ODS] [2026.05.25-00.24.29:153][  0]LogAkAudio: Error: Failed to load file package Bank_Char_Aamir_VO_Events_Zh-CN.pck
[ODS] [2026.05.25-00.24.29:155][  0]LogAkAudio: Error: Failed to load file package Bank_Char_Aamir_VO_Media_Zh-CN.pck
[ODS] [2026.05.25-00.24.29:158][  0]LogAkAudio: Error: Failed to load file package Bank_Char_Breach_VO_Events_Zh-CN.pck
[ODS] [2026.05.25-00.24.29:160][  0]LogAkAudio: Error: Failed to load file package Bank_Char_Breach_VO_Media_Zh-CN.pck
[ODS] [2026.05.25-00.24.29:164][  0]LogAkAudio: Error: Failed to load file package Bank_Char_Hunter_VO_Events_Zh-CN.pck
[ODS] [2026.05.25-00.24.29:167][  0]LogAkAudio: Error: Failed to load file package Bank_Char_Hunter_VO_Media_Zh-CN.pck
[ODS] [2026.05.25-00.24.29:169][  0]LogAkAudio: Error: Failed to load file package Bank_Char_Pandemic_VO_Events_Zh-CN.pck
[ODS] [2026.05.25-00.24.29:172][  0]LogAkAudio: Error: Failed to load file package Bank_Char_Pandemic_VO_Media_Zh-CN.pck
[ODS] [2026.05.25-00.24.29:175][  0]LogAkAudio: Error: Failed to load file package Bank_Char_Phoenix_VO_Events_Zh-CN.pck
[ODS] [2026.05.25-00.24.29:180][  0]LogAkAudio: Error: Failed to load file package Bank_Char_Phoenix_VO_Media_Zh-CN.pck
[ODS] [2026.05.25-00.24.29:184][  0]LogAkAudio: Error: Failed to load file package Bank_Char_Sarge_VO_Events_Zh-CN.pck
[ODS] [2026.05.25-00.24.29:187][  0]LogAkAudio: Error: Failed to load file package Bank_Char_Sarge_VO_Media_Zh-CN.pck
[ODS] [2026.05.25-00.24.29:189][  0]LogAkAudio: Error: Failed to load file package Bank_Char_Thorne_VO_Events_Zh-CN.pck
[ODS] [2026.05.25-00.24.29:191][  0]LogAkAudio: Error: Failed to load file package Bank_Char_Thorne_VO_Media_Zh-CN.pck
[ODS] [2026.05.25-00.24.29:193][  0]LogAkAudio: Error: Failed to load file package Bank_Char_Wraith_VO_Events_Zh-CN.pck
[ODS] [2026.05.25-00.24.29:197][  0]LogAkAudio: Error: Failed to load file package Bank_Char_Wraith_VO_Media_Zh-CN.pck
[ODS] [2026.05.25-00.24.29:199][  0]LogAkAudio: Error: Failed to load file package Bank_Char_Wushu_VO_Events_Zh-CN.pck
[ODS] [2026.05.25-00.24.29:201][  0]LogAkAudio: Error: Failed to load file package Bank_Char_Wushu_VO_Media_Zh-CN.pck
[ODS] [2026.05.25-00.24.29:203][  0]LogAkAudio: Error: Failed to load file package Bank_CharacterSelectVO_Events_Zh-CN.pck
[ODS] [2026.05.25-00.24.29:207][  0]LogAkAudio: Error: Failed to load file package Bank_CharacterSelectVO_Media_Zh-CN.pck
[ODS] [2026.05.25-00.24.29:219][  0]LogAkAudio: Error: Failed to load file package Bank_NPE_VO_Events_Zh-CN.pck
[ODS] [2026.05.25-00.24.29:230][  0]LogAkAudio: Error: Failed to load file package Bank_NPE_VO_Media_Zh-CN.pck
[ODS] [2026.05.25-00.24.29:266][  0]LogAkAudio: Error: Failed to load file package Bank_Announcer_Base_VO_Events_tr-TR.pck
[ODS] [2026.05.25-00.24.29:274][  0]LogAkAudio: Error: Failed to load file package Bank_Announcer_Base_VO_Media_tr-TR.pck
[ODS] [2026.05.25-00.24.29:281][  0]LogAkAudio: Error: Failed to load file package Bank_Char_Aamir_VO_Events_tr-TR.pck
[ODS] [2026.05.25-00.24.29:286][  0]LogAkAudio: Error: Failed to load file package Bank_Char_Aamir_VO_Media_tr-TR.pck
[ODS] [2026.05.25-00.24.29:290][  0]LogAkAudio: Error: Failed to load file package Bank_Char_Breach_VO_Events_tr-TR.pck
[ODS] [2026.05.25-00.24.29:293][  0]LogAkAudio: Error: Failed to load file package Bank_Char_Breach_VO_Media_tr-TR.pck
[ODS] [2026.05.25-00.24.29:296][  0]LogAkAudio: Error: Failed to load file package Bank_Char_Hunter_VO_Events_tr-TR.pck
[ODS] [2026.05.25-00.24.29:299][  0]LogAkAudio: Error: Failed to load file package Bank_Char_Hunter_VO_Media_tr-TR.pck
[ODS] [2026.05.25-00.24.29:301][  0]LogAkAudio: Error: Failed to load file package Bank_Char_Pandemic_VO_Events_tr-TR.pck
[ODS] [2026.05.25-00.24.29:304][  0]LogAkAudio: Error: Failed to load file package Bank_Char_Pandemic_VO_Media_tr-TR.pck
[ODS] [2026.05.25-00.24.29:310][  0]LogAkAudio: Error: Failed to load file package Bank_Char_Phoenix_VO_Events_tr-TR.pck
[ODS] [2026.05.25-00.24.29:312][  0]LogAkAudio: Error: Failed to load file package Bank_Char_Phoenix_VO_Media_tr-TR.pck
[ODS] [2026.05.25-00.24.29:315][  0]LogAkAudio: Error: Failed to load file package Bank_Char_Sarge_VO_Events_tr-TR.pck
[ODS] [2026.05.25-00.24.29:317][  0]LogAkAudio: Error: Failed to load file package Bank_Char_Sarge_VO_Media_tr-TR.pck
[ODS] [2026.05.25-00.24.29:319][  0]LogAkAudio: Error: Failed to load file package Bank_Char_Thorne_VO_Events_tr-TR.pck
[ODS] [2026.05.25-00.24.29:322][  0]LogAkAudio: Error: Failed to load file package Bank_Char_Thorne_VO_Media_tr-TR.pck
[ODS] [2026.05.25-00.24.29:324][  0]LogAkAudio: Error: Failed to load file package Bank_Char_Wraith_VO_Events_tr-TR.pck
[ODS] [2026.05.25-00.24.29:326][  0]LogAkAudio: Error: Failed to load file package Bank_Char_Wraith_VO_Media_tr-TR.pck
[ODS] [2026.05.25-00.24.29:328][  0]LogAkAudio: Error: Failed to load file package Bank_Char_Wushu_VO_Events_tr-TR.pck
[ODS] [2026.05.25-00.24.29:330][  0]LogAkAudio: Error: Failed to load file package Bank_Char_Wushu_VO_Media_tr-TR.pck
[ODS] [2026.05.25-00.24.29:332][  0]LogAkAudio: Error: Failed to load file package Bank_CharacterSelectVO_Events_tr-TR.pck
[ODS] [2026.05.25-00.24.29:334][  0]LogAkAudio: Error: Failed to load file package Bank_CharacterSelectVO_Media_tr-TR.pck
[ODS] [2026.05.25-00.24.29:339][  0]LogAkAudio: Error: Failed to load file package Bank_NPE_VO_Events_tr-TR.pck
[ODS] [2026.05.25-00.24.29:341][  0]LogAkAudio: Error: Failed to load file package Bank_NPE_VO_Media_tr-TR.pck
[ODS] [2026.05.25-00.24.29:355][  0]LogAkAudio: Error: Failed to load file package Bank_Announcer_Base_VO_Events_ru-RU.pck
[ODS] [2026.05.25-00.24.29:358][  0]LogAkAudio: Error: Failed to load file package Bank_Announcer_Base_VO_Media_ru-RU.pck
[ODS] [2026.05.25-00.24.29:361][  0]LogAkAudio: Error: Failed to load file package Bank_Char_Aamir_VO_Events_ru-RU.pck
[ODS] [2026.05.25-00.24.29:363][  0]LogAkAudio: Error: Failed to load file package Bank_Char_Aamir_VO_Media_ru-RU.pck
[ODS] [2026.05.25-00.24.29:365][  0]LogAkAudio: Error: Failed to load file package Bank_Char_Breach_VO_Events_ru-RU.pck
[ODS] [2026.05.25-00.24.29:368][  0]LogAkAudio: Error: Failed to load file package Bank_Char_Breach_VO_Media_ru-RU.pck
[ODS] [2026.05.25-00.24.29:370][  0]LogAkAudio: Error: Failed to load file package Bank_Char_Hunter_VO_Events_ru-RU.pck
[ODS] [2026.05.25-00.24.29:373][  0]LogAkAudio: Error: Failed to load file package Bank_Char_Hunter_VO_Media_ru-RU.pck
[ODS] [2026.05.25-00.24.29:375][  0]LogAkAudio: Error: Failed to load file package Bank_Char_Pandemic_VO_Events_ru-RU.pck
[ODS] [2026.05.25-00.24.29:377][  0]LogAkAudio: Error: Failed to load file package Bank_Char_Pandemic_VO_Media_ru-RU.pck
[ODS] [2026.05.25-00.24.29:380][  0]LogAkAudio: Error: Failed to load file package Bank_Char_Phoenix_VO_Events_ru-RU.pck
[ODS] [2026.05.25-00.24.29:384][  0]LogAkAudio: Error: Failed to load file package Bank_Char_Phoenix_VO_Media_ru-RU.pck
[ODS] [2026.05.25-00.24.29:386][  0]LogAkAudio: Error: Failed to load file package Bank_Char_Sarge_VO_Events_ru-RU.pck
[ODS] [2026.05.25-00.24.29:388][  0]LogAkAudio: Error: Failed to load file package Bank_Char_Sarge_VO_Media_ru-RU.pck
[ODS] [2026.05.25-00.24.29:390][  0]LogAkAudio: Error: Failed to load file package Bank_Char_Thorne_VO_Events_ru-RU.pck
[ODS] [2026.05.25-00.24.29:392][  0]LogAkAudio: Error: Failed to load file package Bank_Char_Thorne_VO_Media_ru-RU.pck
[ODS] [2026.05.25-00.24.29:394][  0]LogAkAudio: Error: Failed to load file package Bank_Char_Wraith_VO_Events_ru-RU.pck
[ODS] [2026.05.25-00.24.29:396][  0]LogAkAudio: Error: Failed to load file package Bank_Char_Wraith_VO_Media_ru-RU.pck
[ODS] [2026.05.25-00.24.29:403][  0]LogAkAudio: Error: Failed to load file package Bank_Char_Wushu_VO_Events_ru-RU.pck
[ODS] [2026.05.25-00.24.29:410][  0]LogAkAudio: Error: Failed to load file package Bank_Char_Wushu_VO_Media_ru-RU.pck
[ODS] [2026.05.25-00.24.29:417][  0]LogAkAudio: Error: Failed to load file package Bank_CharacterSelectVO_Events_ru-RU.pck
[ODS] [2026.05.25-00.24.29:424][  0]LogAkAudio: Error: Failed to load file package Bank_CharacterSelectVO_Media_ru-RU.pck
[ODS] [2026.05.25-00.24.29:429][  0]LogAkAudio: Error: Failed to load file package Bank_NPE_VO_Events_ru-RU.pck
[ODS] [2026.05.25-00.24.29:432][  0]LogAkAudio: Error: Failed to load file package Bank_NPE_VO_Media_ru-RU.pck
[ODS] [2026.05.25-00.24.29:450][  0]LogAkAudio: Error: Failed to load file package Bank_Announcer_Base_VO_Events_pl-PL.pck
[ODS] [2026.05.25-00.24.29:452][  0]LogAkAudio: Error: Failed to load file package Bank_Announcer_Base_VO_Media_pl-PL.pck
[ODS] [2026.05.25-00.24.29:455][  0]LogAkAudio: Error: Failed to load file package Bank_Char_Aamir_VO_Events_pl-PL.pck
[ODS] [2026.05.25-00.24.29:458][  0]LogAkAudio: Error: Failed to load file package Bank_Char_Aamir_VO_Media_pl-PL.pck
[ODS] [2026.05.25-00.24.29:461][  0]LogAkAudio: Error: Failed to load file package Bank_Char_Breach_VO_Events_pl-PL.pck
[ODS] [2026.05.25-00.24.29:464][  0]LogAkAudio: Error: Failed to load file package Bank_Char_Breach_VO_Media_pl-PL.pck
[ODS] [2026.05.25-00.24.29:466][  0]LogAkAudio: Error: Failed to load file package Bank_Char_Hunter_VO_Events_pl-PL.pck
[ODS] [2026.05.25-00.24.29:468][  0]LogAkAudio: Error: Failed to load file package Bank_Char_Hunter_VO_Media_pl-PL.pck
[ODS] [2026.05.25-00.24.29:470][  0]LogAkAudio: Error: Failed to load file package Bank_Char_Pandemic_VO_Events_pl-PL.pck
[ODS] [2026.05.25-00.24.29:472][  0]LogAkAudio: Error: Failed to load file package Bank_Char_Pandemic_VO_Media_pl-PL.pck
[ODS] [2026.05.25-00.24.29:474][  0]LogAkAudio: Error: Failed to load file package Bank_Char_Phoenix_VO_Events_pl-PL.pck
[ODS] [2026.05.25-00.24.29:477][  0]LogAkAudio: Error: Failed to load file package Bank_Char_Phoenix_VO_Media_pl-PL.pck
[ODS] [2026.05.25-00.24.29:479][  0]LogAkAudio: Error: Failed to load file package Bank_Char_Sarge_VO_Events_pl-PL.pck
[ODS] [2026.05.25-00.24.29:481][  0]LogAkAudio: Error: Failed to load file package Bank_Char_Sarge_VO_Media_pl-PL.pck
[ODS] [2026.05.25-00.24.29:483][  0]LogAkAudio: Error: Failed to load file package Bank_Char_Thorne_VO_Events_pl-PL.pck
[ODS] [2026.05.25-00.24.29:485][  0]LogAkAudio: Error: Failed to load file package Bank_Char_Thorne_VO_Media_pl-PL.pck
[ODS] [2026.05.25-00.24.29:487][  0]LogAkAudio: Error: Failed to load file package Bank_Char_Wraith_VO_Events_pl-PL.pck
[ODS] [2026.05.25-00.24.29:489][  0]LogAkAudio: Error: Failed to load file package Bank_Char_Wraith_VO_Media_pl-PL.pck
[ODS] [2026.05.25-00.24.29:492][  0]LogAkAudio: Error: Failed to load file package Bank_Char_Wushu_VO_Events_pl-PL.pck
[ODS] [2026.05.25-00.24.29:494][  0]LogAkAudio: Error: Failed to load file package Bank_Char_Wushu_VO_Media_pl-PL.pck
[ODS] [2026.05.25-00.24.29:496][  0]LogAkAudio: Error: Failed to load file package Bank_CharacterSelectVO_Events_pl-PL.pck
[ODS] [2026.05.25-00.24.29:498][  0]LogAkAudio: Error: Failed to load file package Bank_CharacterSelectVO_Media_pl-PL.pck
[ODS] [2026.05.25-00.24.29:500][  0]LogAkAudio: Error: Failed to load file package Bank_NPE_VO_Events_pl-PL.pck
[ODS] [2026.05.25-00.24.29:502][  0]LogAkAudio: Error: Failed to load file package Bank_NPE_VO_Media_pl-PL.pck
[ODS] [2026.05.25-00.24.29:505][  0]LogAkAudio: Error: Failed to load file package Bank_Announcer_Base_VO_Events_it-IT.pck
[ODS] [2026.05.25-00.24.29:509][  0]LogAkAudio: Error: Failed to load file package Bank_Announcer_Base_VO_Media_it-IT.pck
[ODS] [2026.05.25-00.24.29:511][  0]LogAkAudio: Error: Failed to load file package Bank_Char_Aamir_VO_Events_it-IT.pck
[ODS] [2026.05.25-00.24.29:514][  0]LogAkAudio: Error: Failed to load file package Bank_Char_Aamir_VO_Media_it-IT.pck
[ODS] [2026.05.25-00.24.29:516][  0]LogAkAudio: Error: Failed to load file package Bank_Char_Breach_VO_Events_it-IT.pck
[ODS] [2026.05.25-00.24.29:517][  0]LogAkAudio: Error: Failed to load file package Bank_Char_Breach_VO_Media_it-IT.pck
[ODS] [2026.05.25-00.24.29:520][  0]LogAkAudio: Error: Failed to load file package Bank_Char_Hunter_VO_Events_it-IT.pck
[ODS] [2026.05.25-00.24.29:523][  0]LogAkAudio: Error: Failed to load file package Bank_Char_Hunter_VO_Media_it-IT.pck
[ODS] [2026.05.25-00.24.29:525][  0]LogAkAudio: Error: Failed to load file package Bank_Char_Pandemic_VO_Events_it-IT.pck
[ODS] [2026.05.25-00.24.29:527][  0]LogAkAudio: Error: Failed to load file package Bank_Char_Pandemic_VO_Media_it-IT.pck
[ODS] [2026.05.25-00.24.29:530][  0]LogAkAudio: Error: Failed to load file package Bank_Char_Phoenix_VO_Events_it-IT.pck
[ODS] [2026.05.25-00.24.29:533][  0]LogAkAudio: Error: Failed to load file package Bank_Char_Phoenix_VO_Media_it-IT.pck
[ODS] [2026.05.25-00.24.29:534][  0]LogAkAudio: Error: Failed to load file package Bank_Char_Sarge_VO_Events_it-IT.pck
[ODS] [2026.05.25-00.24.29:536][  0]LogAkAudio: Error: Failed to load file package Bank_Char_Sarge_VO_Media_it-IT.pck
[ODS] [2026.05.25-00.24.29:539][  0]LogAkAudio: Error: Failed to load file package Bank_Char_Thorne_VO_Events_it-IT.pck
[ODS] [2026.05.25-00.24.29:541][  0]LogAkAudio: Error: Failed to load file package Bank_Char_Thorne_VO_Media_it-IT.pck
[ODS] [2026.05.25-00.24.29:544][  0]LogAkAudio: Error: Failed to load file package Bank_Char_Wraith_VO_Events_it-IT.pck
[ODS] [2026.05.25-00.24.29:546][  0]LogAkAudio: Error: Failed to load file package Bank_Char_Wraith_VO_Media_it-IT.pck
[ODS] [2026.05.25-00.24.29:548][  0]LogAkAudio: Error: Failed to load file package Bank_Char_Wushu_VO_Events_it-IT.pck
[ODS] [2026.05.25-00.24.29:550][  0]LogAkAudio: Error: Failed to load file package Bank_Char_Wushu_VO_Media_it-IT.pck
[ODS] [2026.05.25-00.24.29:552][  0]LogAkAudio: Error: Failed to load file package Bank_CharacterSelectVO_Events_it-IT.pck
[ODS] [2026.05.25-00.24.29:555][  0]LogAkAudio: Error: Failed to load file package Bank_CharacterSelectVO_Media_it-IT.pck
[ODS] [2026.05.25-00.24.29:557][  0]LogAkAudio: Error: Failed to load file package Bank_NPE_VO_Events_it-IT.pck
[ODS] [2026.05.25-00.24.29:559][  0]LogAkAudio: Error: Failed to load file package Bank_NPE_VO_Media_it-IT.pck
[ODS] [2026.05.25-00.24.29:562][  0]LogAkAudio: Error: Failed to load file package Bank_Announcer_Base_VO_Events_fr-FR.pck
[ODS] [2026.05.25-00.24.29:565][  0]LogAkAudio: Error: Failed to load file package Bank_Announcer_Base_VO_Media_fr-FR.pck
[ODS] [2026.05.25-00.24.29:567][  0]LogAkAudio: Error: Failed to load file package Bank_Char_Aamir_VO_Events_fr-FR.pck
[ODS] [2026.05.25-00.24.29:570][  0]LogAkAudio: Error: Failed to load file package Bank_Char_Aamir_VO_Media_fr-FR.pck
[ODS] [2026.05.25-00.24.29:572][  0]LogAkAudio: Error: Failed to load file package Bank_Char_Breach_VO_Events_fr-FR.pck
[ODS] [2026.05.25-00.24.29:574][  0]LogAkAudio: Error: Failed to load file package Bank_Char_Breach_VO_Media_fr-FR.pck
[ODS] [2026.05.25-00.24.29:576][  0]LogAkAudio: Error: Failed to load file package Bank_Char_Hunter_VO_Events_fr-FR.pck
[ODS] [2026.05.25-00.24.29:579][  0]LogAkAudio: Error: Failed to load file package Bank_Char_Hunter_VO_Media_fr-FR.pck
[ODS] [2026.05.25-00.24.29:581][  0]LogAkAudio: Error: Failed to load file package Bank_Char_Pandemic_VO_Events_fr-FR.pck
[ODS] [2026.05.25-00.24.29:584][  0]LogAkAudio: Error: Failed to load file package Bank_Char_Pandemic_VO_Media_fr-FR.pck
[ODS] [2026.05.25-00.24.29:589][  0]LogAkAudio: Error: Failed to load file package Bank_Char_Phoenix_VO_Events_fr-FR.pck
[ODS] [2026.05.25-00.24.29:593][  0]LogAkAudio: Error: Failed to load file package Bank_Char_Phoenix_VO_Media_fr-FR.pck
[ODS] [2026.05.25-00.24.29:596][  0]LogAkAudio: Error: Failed to load file package Bank_Char_Sarge_VO_Events_fr-FR.pck
[ODS] [2026.05.25-00.24.29:601][  0]LogAkAudio: Error: Failed to load file package Bank_Char_Sarge_VO_Media_fr-FR.pck
[ODS] [2026.05.25-00.24.29:605][  0]LogAkAudio: Error: Failed to load file package Bank_Char_Thorne_VO_Events_fr-FR.pck
[ODS] [2026.05.25-00.24.29:608][  0]LogAkAudio: Error: Failed to load file package Bank_Char_Thorne_VO_Media_fr-FR.pck
[ODS] [2026.05.25-00.24.29:611][  0]LogAkAudio: Error: Failed to load file package Bank_Char_Wraith_VO_Events_fr-FR.pck
[ODS] [2026.05.25-00.24.29:614][  0]LogAkAudio: Error: Failed to load file package Bank_Char_Wraith_VO_Media_fr-FR.pck
[ODS] [2026.05.25-00.24.29:619][  0]LogAkAudio: Error: Failed to load file package Bank_Char_Wushu_VO_Events_fr-FR.pck
[ODS] [2026.05.25-00.24.29:622][  0]LogAkAudio: Error: Failed to load file package Bank_Char_Wushu_VO_Media_fr-FR.pck
[ODS] [2026.05.25-00.24.29:625][  0]LogAkAudio: Error: Failed to load file package Bank_CharacterSelectVO_Events_fr-FR.pck
[ODS] [2026.05.25-00.24.29:627][  0]LogAkAudio: Error: Failed to load file package Bank_CharacterSelectVO_Media_fr-FR.pck
[ODS] [2026.05.25-00.24.29:631][  0]LogAkAudio: Error: Failed to load file package Bank_NPE_VO_Events_fr-FR.pck
[ODS] [2026.05.25-00.24.29:634][  0]LogAkAudio: Error: Failed to load file package Bank_NPE_VO_Media_fr-FR.pck
[ODS] [2026.05.25-00.24.29:638][  0]LogAkAudio: Error: Failed to load file package Bank_Announcer_Base_VO_Events_es-ES.pck
[ODS] [2026.05.25-00.24.29:640][  0]LogAkAudio: Error: Failed to load file package Bank_Announcer_Base_VO_Media_es-ES.pck
[ODS] [2026.05.25-00.24.29:642][  0]LogAkAudio: Error: Failed to load file package Bank_Char_Aamir_VO_Events_es-ES.pck
[ODS] [2026.05.25-00.24.29:644][  0]LogAkAudio: Error: Failed to load file package Bank_Char_Aamir_VO_Media_es-ES.pck
[ODS] [2026.05.25-00.24.29:647][  0]LogAkAudio: Error: Failed to load file package Bank_Char_Breach_VO_Events_es-ES.pck
[ODS] [2026.05.25-00.24.29:649][  0]LogAkAudio: Error: Failed to load file package Bank_Char_Breach_VO_Media_es-ES.pck
[ODS] [2026.05.25-00.24.29:652][  0]LogAkAudio: Error: Failed to load file package Bank_Char_Hunter_VO_Events_es-ES.pck
[ODS] [2026.05.25-00.24.29:654][  0]LogAkAudio: Error: Failed to load file package Bank_Char_Hunter_VO_Media_es-ES.pck
[ODS] [2026.05.25-00.24.29:656][  0]LogAkAudio: Error: Failed to load file package Bank_Char_Pandemic_VO_Events_es-ES.pck
[ODS] [2026.05.25-00.24.29:659][  0]LogAkAudio: Error: Failed to load file package Bank_Char_Pandemic_VO_Media_es-ES.pck
[ODS] [2026.05.25-00.24.29:662][  0]LogAkAudio: Error: Failed to load file package Bank_Char_Phoenix_VO_Events_es-ES.pck
[ODS] [2026.05.25-00.24.29:666][  0]LogAkAudio: Error: Failed to load file package Bank_Char_Phoenix_VO_Media_es-ES.pck
[ODS] [2026.05.25-00.24.29:668][  0]LogAkAudio: Error: Failed to load file package Bank_Char_Sarge_VO_Events_es-ES.pck
[ODS] [2026.05.25-00.24.29:670][  0]LogAkAudio: Error: Failed to load file package Bank_Char_Sarge_VO_Media_es-ES.pck
[ODS] [2026.05.25-00.24.29:672][  0]LogAkAudio: Error: Failed to load file package Bank_Char_Thorne_VO_Events_es-ES.pck
[ODS] [2026.05.25-00.24.29:674][  0]LogAkAudio: Error: Failed to load file package Bank_Char_Thorne_VO_Media_es-ES.pck
[ODS] [2026.05.25-00.24.29:677][  0]LogAkAudio: Error: Failed to load file package Bank_Char_Wraith_VO_Events_es-ES.pck
[ODS] [2026.05.25-00.24.29:681][  0]LogAkAudio: Error: Failed to load file package Bank_Char_Wraith_VO_Media_es-ES.pck
[ODS] [2026.05.25-00.24.29:683][  0]LogAkAudio: Error: Failed to load file package Bank_Char_Wushu_VO_Events_es-ES.pck
[ODS] [2026.05.25-00.24.29:685][  0]LogAkAudio: Error: Failed to load file package Bank_Char_Wushu_VO_Media_es-ES.pck
[ODS] [2026.05.25-00.24.29:687][  0]LogAkAudio: Error: Failed to load file package Bank_CharacterSelectVO_Events_es-ES.pck
[ODS] [2026.05.25-00.24.29:689][  0]LogAkAudio: Error: Failed to load file package Bank_CharacterSelectVO_Media_es-ES.pck
[ODS] [2026.05.25-00.24.29:692][  0]LogAkAudio: Error: Failed to load file package Bank_NPE_VO_Events_es-ES.pck
[ODS] [2026.05.25-00.24.29:693][  0]LogAkAudio: Error: Failed to load file package Bank_NPE_VO_Media_es-ES.pck
[ODS] [2026.05.25-00.24.29:702][  0]LogAkAudio: Error: Failed to load file package Bank_Announcer_Base_VO_Events_de-DE.pck
[ODS] [2026.05.25-00.24.29:704][  0]LogAkAudio: Error: Failed to load file package Bank_Announcer_Base_VO_Media_de-DE.pck
[ODS] [2026.05.25-00.24.29:706][  0]LogAkAudio: Error: Failed to load file package Bank_Char_Aamir_VO_Events_de-DE.pck
[ODS] [2026.05.25-00.24.29:708][  0]LogAkAudio: Error: Failed to load file package Bank_Char_Aamir_VO_Media_de-DE.pck
[ODS] [2026.05.25-00.24.29:710][  0]LogAkAudio: Error: Failed to load file package Bank_Char_Breach_VO_Events_de-DE.pck
[ODS] [2026.05.25-00.24.29:713][  0]LogAkAudio: Error: Failed to load file package Bank_Char_Breach_VO_Media_de-DE.pck
[ODS] [2026.05.25-00.24.29:715][  0]LogAkAudio: Error: Failed to load file package Bank_Char_Hunter_VO_Events_de-DE.pck
[ODS] [2026.05.25-00.24.29:716][  0]LogAkAudio: Error: Failed to load file package Bank_Char_Hunter_VO_Media_de-DE.pck
[ODS] [2026.05.25-00.24.29:718][  0]LogAkAudio: Error: Failed to load file package Bank_Char_Pandemic_VO_Events_de-DE.pck
[ODS] [2026.05.25-00.24.29:720][  0]LogAkAudio: Error: Failed to load file package Bank_Char_Pandemic_VO_Media_de-DE.pck
[ODS] [2026.05.25-00.24.29:722][  0]LogAkAudio: Error: Failed to load file package Bank_Char_Phoenix_VO_Events_de-DE.pck
[ODS] [2026.05.25-00.24.29:725][  0]LogAkAudio: Error: Failed to load file package Bank_Char_Phoenix_VO_Media_de-DE.pck
[ODS] [2026.05.25-00.24.29:727][  0]LogAkAudio: Error: Failed to load file package Bank_Char_Sarge_VO_Events_de-DE.pck
[ODS] [2026.05.25-00.24.29:733][  0]LogAkAudio: Error: Failed to load file package Bank_Char_Sarge_VO_Media_de-DE.pck
[ODS] [2026.05.25-00.24.29:737][  0]LogAkAudio: Error: Failed to load file package Bank_Char_Thorne_VO_Events_de-DE.pck
[ODS] [2026.05.25-00.24.29:743][  0]LogAkAudio: Error: Failed to load file package Bank_Char_Thorne_VO_Media_de-DE.pck
[ODS] [2026.05.25-00.24.29:746][  0]LogAkAudio: Error: Failed to load file package Bank_Char_Wraith_VO_Events_de-DE.pck
[ODS] [2026.05.25-00.24.29:750][  0]LogAkAudio: Error: Failed to load file package Bank_Char_Wraith_VO_Media_de-DE.pck
[ODS] [2026.05.25-00.24.29:752][  0]LogAkAudio: Error: Failed to load file package Bank_Char_Wushu_VO_Events_de-DE.pck
[ODS] [2026.05.25-00.24.29:756][  0]LogAkAudio: Error: Failed to load file package Bank_Char_Wushu_VO_Media_de-DE.pck
[ODS] [2026.05.25-00.24.29:758][  0]LogAkAudio: Error: Failed to load file package Bank_CharacterSelectVO_Events_de-DE.pck
[ODS] [2026.05.25-00.24.29:761][  0]LogAkAudio: Error: Failed to load file package Bank_CharacterSelectVO_Media_de-DE.pck
[ODS] [2026.05.25-00.24.29:764][  0]LogAkAudio: Error: Failed to load file package Bank_NPE_VO_Events_de-DE.pck
[ODS] [2026.05.25-00.24.29:767][  0]LogAkAudio: Error: Failed to load file package Bank_NPE_VO_Media_de-DE.pck
[ODS] [2026.05.25-00.24.30:226][  0]LogPlatformInitializerV2: Beginning platform initialization
[ODS] [2026.05.25-00.24.30:228][  0]LogPlatformInitializerV2: Status is now: Initializing
[ODS] [2026.05.25-00.24.30:230][  0]LogPlatformInitializerV2: Initializing: PlatformInitSettingsManager
[ODS] [2026.05.25-00.24.30:232][  0]LogPlatformInitializerV2: Initialized: PlatformInitSettingsManager
[ODS] [2026.05.25-00.24.30:234][  0]LogPlatformInitializerV2: Initializing: ThreadedChatManager
[ODS] [2026.05.25-00.24.30:235][  0]LogPlatformInitializerV2: Initialized: ThreadedChatManager
[ODS] [2026.05.25-00.24.30:237][  0]LogPlatformInitializerV2: Initializing: TelemetryManager
[ODS] [2026.05.25-00.24.30:239][  0]LogPlatformInitializerV2: Initialized: TelemetryManager
[ODS] [2026.05.25-00.24.30:241][  0]LogPlatformInitializerV2: Initializing: RiotClientInitializer
[ODS] [2026.05.25-00.24.30:246][  0]LogMapLoadModel: Update: [Map: Init] [Ready: FALSE] [Complete: FALSE]
[ODS] [2026.05.25-00.24.30:257][  0]LogMapLoadModel: Update: [Map: Init] [Ready: TRUE] [Complete: FALSE]
[ODS] Checking Pak Config
[ODS] [2026.05.25-00.24.30:335][  0]LogInput: Warning: Large player input in key MouseY of 546.000 received from platform. Could be a flick movement or something unexpected.
[ODS] [2026.05.25-00.24.31:757][127]LogHttp: Warning: 00000172C931FB00: request failed, libcurl error: 6 (Couldn't resolve host name)
[ODS] [2026.05.25-00.24.31:769][127]LogHttp: Warning: 00000172C931FB00: libcurl info message cache 0 (Could not resolve host: pdx2collector.rtp.service.riotgames.com)
[ODS] [2026.05.25-00.24.31:777][127]LogHttp: Warning: 00000172C931FB00: libcurl info message cache 1 (Closing connection 6)
[ODS] [2026.05.25-00.24.31:784][127]LogRTPPlugin: Error: RTPPlugin failed to submit telemetry for unknown reason. Url: https://pdx2collector.rtp.service.riotgames.com/collector/v1/events/rfc422Metrics
[ODS] [2026.05.25-00.24.31:859][129]LogPlatformInitializerV2: Initialized: RiotClientInitializer
[ODS] [2026.05.25-00.24.31:860][129]LogPlatformInitializerV2: Initializing: RMSManager
[ODS] [2026.05.25-00.24.31:862][129]LogPlatformInitializerV2: Initializing: PlayerAliasManager
[ODS] [2026.05.25-00.24.31:865][129]LogPlatformInitializerV2: Initializing: ApplicationRepairManager
[ODS] [2026.05.25-00.24.31:866][129]LogPlatformInitializerV2: Initialized: ApplicationRepairManager
[ODS] [2026.05.25-00.24.31:868][129]LogPlatformInitializerV2: Initializing: ChatSessionManager
[ODS] [2026.05.25-00.24.31:926][132]LogPlatformInitializerV2: Initialized: ChatSessionManager
[ODS] [2026.05.25-00.24.31:928][132]LogPlatformInitializerV2: Initializing: TextChatManagerV2
[ODS] [2026.05.25-00.24.31:929][132]LogTextChatManagerV2: Error: Chat Session Manager was loaded before Text Chat Manager was ready.
[ODS] [2026.05.25-00.24.31:932][132]LogPlatformInitializerV2: Initialized: TextChatManagerV2
[ODS] [2026.05.25-00.24.31:933][132]LogPlatformInitializerV2: Initializing: PresenceManager
[ODS] [2026.05.25-00.24.31:935][132]LogPlatformInitializerV2: Initialized: RMSManager
[ODS] [2026.05.25-00.24.31:936][132]LogPlatformInitializerV2: Initializing: ProvisioningErrorNotificationManager
[ODS] [2026.05.25-00.24.31:937][132]LogPlatformInitializerV2: Initialized: ProvisioningErrorNotificationManager
[ODS] [2026.05.25-00.24.31:939][132]LogPlatformInitializerV2: Initialized: PlayerAliasManager
[ODS] [2026.05.25-00.24.31:941][132]LogPlatformInitializerV2: Initializing: RSOManager
[ODS] [2026.05.25-00.24.32:026][135]LogPlatformInitializerV2: Initialized: PresenceManager
[ODS] [2026.05.25-00.24.32:198][137]LogConsoleManager: Warning: Setting the console variable 'r.MaxAnisotropy' with 'SetByScalability' was ignored as it is lower priority than the previous 'SetByGameSetting'. Value remains '4'
[ODS] [2026.05.25-00.24.32:204][137]LogConsoleManager: Warning: Setting the console variable 'r.DefaultFeature.Bloom' with 'SetByGameSetting' was ignored as it is lower priority than the previous 'SetByProjectSetting'. Value remains '1'
[ODS] [2026.05.25-00.24.32:209][137]LogPlatformInitializerV2: Initialized: RSOManager
[ODS] [2026.05.25-00.24.32:211][137]LogPlatformInitializerV2: Initializing: ConfigManager
[ODS] [2026.05.25-00.24.32:213][137]LogPlatformInitializerV2: Initializing: LegalInfoManager
[ODS] [2026.05.25-00.24.32:284][140]LogPlatformInitializerV2: Initialized: ConfigManager
[ODS] [2026.05.25-00.24.32:286][140]LogPlatformInitializerV2: Initializing: AntiAddictionManager
[ODS] [2026.05.25-00.24.32:287][140]LogPlatformInitializerV2: Initializing: PlatformSessionManager
[ODS] [2026.05.25-00.24.32:289][140]LogPlatformInitializerV2: Initializing: CoreGameManager
[ODS] [2026.05.25-00.24.32:291][140]LogCoreGameManager: Warning: RefreshPlayer invoked while loop state is not INGAME.
[ODS] [2026.05.25-00.24.32:293][140]LogPlatformInitializerV2: Initializing: PingUpdater
[ODS] [2026.05.25-00.24.32:294][140]LogPlatformInitializerV2: Initialized: PingUpdater
[ODS] [2026.05.25-00.24.32:295][140]LogPlatformInitializerV2: Initializing: MatchmakingManager
[ODS] [2026.05.25-00.24.32:297][140]LogPlatformInitializerV2: Initialized: MatchmakingManager
[ODS] [2026.05.25-00.24.32:299][140]LogPlatformInitializerV2: Initializing: RoamingSettingsManager
[ODS] [2026.05.25-00.24.32:307][140]LogRoamingSettingsManager: Warning: Roaming settings are disabled.
[ODS] [2026.05.25-00.24.32:310][140]LogPlatformInitializerV2: Initialized: RoamingSettingsManager
[ODS] [2026.05.25-00.24.32:313][140]LogPlatformInitializerV2: Initializing: RNetVoiceManager
[ODS] [2026.05.25-00.24.32:318][140]LogPlatformInitializerV2: Initializing: FriendsManager
[ODS] [2026.05.25-00.24.32:322][140]LogPlatformInitializerV2: Initialized: FriendsManager
[ODS] [2026.05.25-00.24.32:323][140]LogPlatformInitializerV2: Initializing: DisplayNameManager
[ODS] [2026.05.25-00.24.32:325][140]LogPlatformInitializerV2: Initializing: MatchDetailsManager
[ODS] [2026.05.25-00.24.32:326][140]LogPlatformInitializerV2: Initialized: MatchDetailsManager
[ODS] [2026.05.25-00.24.32:328][140]LogPlatformInitializerV2: Initializing: MMRManager
[ODS] [2026.05.25-00.24.32:331][140]LogPlatformInitializerV2: Initializing: PlayerFeedbackToolPluginManager
[ODS] [2026.05.25-00.24.32:333][140]LogPlayerFeedbackToolModule: Error: PlayerFeedbackToolManager failed to initialize, locale was empty
[ODS] [2026.05.25-00.24.32:335][140]LogPlatformInitializerV2: Initialized: PlayerFeedbackToolPluginManager
[ODS] [2026.05.25-00.24.32:336][140]LogPlatformInitializerV2: Initializing: AresWatermarkManager
[ODS] [2026.05.25-00.24.32:339][140]LogPlatformInitializerV2: Initialized: AresWatermarkManager
[ODS] [2026.05.25-00.24.32:340][140]LogPlatformInitializerV2: Initializing: WhisperChatManager
[ODS] [2026.05.25-00.24.32:342][140]LogPlatformInitializerV2: Initialized: WhisperChatManager
[ODS] [2026.05.25-00.24.32:344][140]LogPlatformInitializerV2: Initializing: ContractDefinitionsManager
[ODS] [2026.05.25-00.24.32:347][140]LogPlatformInitializerV2: Initializing: TelemetrySampler
[ODS] [2026.05.25-00.24.32:349][140]LogPlatformInitializerV2: Initialized: TelemetrySampler
[ODS] [2026.05.25-00.24.32:351][140]LogPlatformInitializerV2: Initializing: UITelemetryManager
[ODS] [2026.05.25-00.24.32:353][140]LogPlatformInitializerV2: Initialized: UITelemetryManager
[ODS] [2026.05.25-00.24.32:354][140]LogPlatformInitializerV2: Initializing: PlayerSettingsTelemetry
[ODS] [2026.05.25-00.24.32:355][140]LogPlatformInitializerV2: Initialized: PlayerSettingsTelemetry
[ODS] [2026.05.25-00.24.32:358][141]LogAntiAddictionManager: Error: Received Invalid Policy: 
[ODS] [2026.05.25-00.24.32:362][141]LogPlatformInitializerV2: Initialized: AntiAddictionManager
[ODS] [2026.05.25-00.24.32:365][141]LogPlatformSessionManager: Loopstate changed from INVALID to MENUS
[ODS] [2026.05.25-00.24.32:367][141]LogPlatformInitializerV2: Initialized: PlatformSessionManager
[ODS] [2026.05.25-00.24.32:369][141]LogPlatformInitializerV2: Initializing: PregameManager
[ODS] [2026.05.25-00.24.32:370][141]LogPlatformInitializerV2: Initializing: PartyManager
[ODS] [2026.05.25-00.24.32:371][141]LogPlatformInitializerV2: Initializing: ContentManager
[ODS] [2026.05.25-00.24.32:373][141]LogPlatformInitializerV2: Initializing: StoreManager
[ODS] [2026.05.25-00.24.32:376][141]LogPlatformInitializerV2: Initialized: StoreManager
[ODS] [2026.05.25-00.24.32:377][141]LogPlatformInitializerV2: Initializing: ContractsManager
[ODS] [2026.05.25-00.24.32:379][141]LogPlatformInitializerV2: Initialized: CoreGameManager
[ODS] [2026.05.25-00.24.32:381][141]LogPlatformInitializerV2: Initializing: LatencyService
[ODS] [2026.05.25-00.24.32:383][141]LogPlatformInitializerV2: Initialized: LatencyService
[ODS] [2026.05.25-00.24.32:384][141]LogPlatformInitializerV2: Initializing: VanguardManager
[ODS] [2026.05.25-00.24.32:385][141]LogVanguardManager: Warning: Initializing Vanguard
[ODS] [2026.05.25-00.24.33:661][141]LogVanguardManager: Warning: Vanguard Status: -81, Exit Code: 57
[ODS] [2026.05.25-00.24.33:663][141]LogVanguardManager: Warning: Vanguard driver not ready.
[ODS] [2026.05.25-00.24.33:664][141]LogVanguardManager: Warning: Could not connect to Vanguard service.
[ODS] [2026.05.25-00.24.33:666][141]LogPlatformInitializerV2: Initialized: VanguardManager
[ODS] [2026.05.25-00.24.33:672][142]LogHttp: Warning: 00000172CB576C80: request failed, libcurl error: 6 (Couldn't resolve host name)
[ODS] [2026.05.25-00.24.33:675][142]LogHttp: Warning: 00000172CB576C80: libcurl info message cache 0 (Could not resolve host: pdx2collector.rtp.service.riotgames.com)
[ODS] [2026.05.25-00.24.33:678][142]LogHttp: Warning: 00000172CB576C80: libcurl info message cache 1 (Closing connection 39)
[ODS] [2026.05.25-00.24.33:680][142]LogRTPPlugin: Error: RTPPlugin failed to submit telemetry for unknown reason. Url: https://pdx2collector.rtp.service.riotgames.com/collector/v1/events/rfc470Logs
[ODS] [2026.05.25-00.24.33:687][142]LogPlatformInitializerV2: Initialized: RNetVoiceManager
[ODS] [2026.05.25-00.24.33:690][142]LogPlatformInitializerV2: Initialized: LegalInfoManager
[ODS] [2026.05.25-00.24.33:691][142]LogPlatformInitializerV2: Initialized: PregameManager
[ODS] [2026.05.25-00.24.33:693][142]LogStoreManager: Refreshed offer cache: 0 offers available
[ODS] [2026.05.25-00.24.33:698][142]LogContractsManager: Warning: Contract model not found for ActiveSpecialContractID (00000000-0000-0000-0000-000000000000)
[ODS] [2026.05.25-00.24.33:701][142]LogPlatformInitializerV2: Initialized: ContractsManager
[ODS] [2026.05.25-00.24.33:703][142]LogPlatformInitializerV2: Initialized: DisplayNameManager
[ODS] [2026.05.25-00.24.33:704][142]LogPlatformInitializerV2: Initialized: MMRManager
[ODS] [2026.05.25-00.24.33:706][142]LogPlatformInitializerV2: Initialized: ContractDefinitionsManager
[ODS] [2026.05.25-00.24.33:730][146]LogPartyManager: Warning: Notified about party player change without a current player.
[ODS] [2026.05.25-00.24.33:737][147]LogContractDefinitionsManager: Error: ActiveStoryContract with id (00000000-0000-0000-0000-000000000000) does not exist in contract definitions
[ODS] [2026.05.25-00.24.33:746][148]LogPregameManager: Error: SubscribeToMatchChanges called without a PregamePlayer or MatchID
[ODS] [2026.05.25-00.24.33:815][158]LogPlatformInitializerV2: Initialized: PartyManager
[ODS] [2026.05.25-00.24.33:817][158]LogPlatformInitializerV2: Initializing: GameFlowStateManagerV2
[ODS] [2026.05.25-00.24.33:819][158]LogPlatformInitializerV2: Initialized: GameFlowStateManagerV2
[ODS] [2026.05.25-00.24.33:821][158]LogPlatformInitializerV2: Initializing: PresenceUpdater
[ODS] [2026.05.25-00.24.33:822][158]LogPlatformInitializerV2: Initialized: PresenceUpdater
[ODS] [2026.05.25-00.24.33:824][158]LogPlatformInitializerV2: Initializing: PlayerListingManager
[ODS] [2026.05.25-00.24.33:826][158]LogPlatformInitializerV2: Initialized: PlayerListingManager
[ODS] [2026.05.25-00.24.33:827][158]LogPlatformInitializerV2: Initializing: SocialViewControllerV2
[ODS] [2026.05.25-00.24.33:829][158]LogPlatformInitializerV2: Initialized: SocialViewControllerV2
[ODS] [2026.05.25-00.24.35:009][328]LogTextChatService: Warning: Unhandled received MUCParticipant notification(s) for unexpected conversation ares-party-8c806b78-29cd-525a-86b0-e992bf8d03fa@conference.pvp.net.
[ODS] [2026.05.25-00.24.40:261][623]LogContentManager: Warning: Could not parse GUID 
[ODS] [2026.05.25-00.24.40:263][623]LogContentManager: Warning: Could not parse GUID 
[ODS] [2026.05.25-00.24.40:265][623]LogContentManager: Warning: Could not parse GUID 
[ODS] [2026.05.25-00.24.40:266][623]LogContentManager: Warning: Could not parse GUID 
[ODS] [2026.05.25-00.24.40:267][623]LogContentManager: Warning: Could not parse GUID 
[ODS] [2026.05.25-00.24.40:269][623]LogContentManager: Warning: Could not parse GUID 
[ODS] [2026.05.25-00.24.40:270][623]LogContentManager: Warning: Could not parse GUID 
[ODS] [2026.05.25-00.24.40:272][623]LogContentManager: Warning: Could not parse GUID 
[ODS] [2026.05.25-00.24.40:273][623]LogContentManager: Warning: Could not parse GUID 
[ODS] [2026.05.25-00.24.40:274][623]LogContentManager: Warning: Could not parse GUID 
[ODS] [2026.05.25-00.24.40:276][623]LogContentManager: Warning: Could not parse GUID 
[ODS] [2026.05.25-00.24.40:277][623]LogContentManager: Warning: Could not parse GUID 
[ODS] [2026.05.25-00.24.40:279][623]LogContentManager: Warning: Could not parse GUID 
[ODS] [2026.05.25-00.24.40:280][623]LogContentManager: Warning: Could not parse GUID 
[ODS] [2026.05.25-00.24.40:281][623]LogContentManager: Warning: Could not parse GUID 
[ODS] [2026.05.25-00.24.40:284][623]LogContentManager: Warning: Could not parse GUID 
[ODS] [2026.05.25-00.24.40:285][623]LogContentManager: Warning: Could not parse GUID 
[ODS] [2026.05.25-00.24.40:287][623]LogContentManager: Warning: Could not parse GUID 
[ODS] [2026.05.25-00.24.40:288][623]LogContentManager: Warning: Could not parse GUID 
[ODS] [2026.05.25-00.24.40:289][623]LogContentManager: Warning: Could not parse GUID 
[ODS] [2026.05.25-00.24.40:290][623]LogContentManager: Warning: Could not parse GUID 
[ODS] [2026.05.25-00.24.40:292][623]LogContentManager: Warning: Could not parse GUID 
[ODS] [2026.05.25-00.24.40:293][623]LogContentManager: Warning: Could not parse GUID 
[ODS] [2026.05.25-00.24.40:295][623]LogContentManager: Warning: Could not parse GUID 
[ODS] [2026.05.25-00.24.40:296][623]LogContentManager: Warning: Could not parse GUID 
[ODS] [2026.05.25-00.24.40:297][623]LogContentManager: Warning: Could not parse GUID 
[ODS] [2026.05.25-00.24.40:298][623]LogContentManager: Warning: Could not parse GUID 
[ODS] [2026.05.25-00.24.40:301][623]LogContentManager: Warning: Could not parse GUID 
[ODS] [2026.05.25-00.24.40:302][623]LogContentManager: Warning: Could not parse GUID 
[ODS] [2026.05.25-00.24.40:304][623]LogContentManager: Warning: Could not parse GUID 
[ODS] [2026.05.25-00.24.40:305][623]LogContentManager: Warning: Could not parse GUID 
[ODS] [2026.05.25-00.24.40:306][623]LogContentManager: Warning: Could not parse GUID 
[ODS] [2026.05.25-00.24.40:308][623]LogContentManager: Warning: Could not parse GUID 
[ODS] [2026.05.25-00.24.40:309][623]LogContentManager: Warning: Could not parse GUID 
[ODS] [2026.05.25-00.24.40:311][623]LogContentManager: Warning: Could not parse GUID 
[ODS] [2026.05.25-00.24.40:312][623]LogContentManager: Warning: Could not parse GUID 
[ODS] [2026.05.25-00.24.40:313][623]LogContentManager: Warning: Could not parse GUID 
[ODS] [2026.05.25-00.24.40:316][623]LogContentManager: Warning: Could not parse GUID 
[ODS] [2026.05.25-00.24.40:317][623]LogContentManager: Warning: Could not parse GUID 
[ODS] [2026.05.25-00.24.40:319][623]LogContentManager: Warning: Could not parse GUID 
[ODS] [2026.05.25-00.24.40:320][623]LogContentManager: Warning: Could not parse GUID 
[ODS] [2026.05.25-00.24.40:321][623]LogContentManager: Warning: Could not parse GUID 
[ODS] [2026.05.25-00.24.40:323][623]LogContentManager: Warning: Could not parse GUID 
[ODS] [2026.05.25-00.24.40:324][623]LogContentManager: Warning: Could not parse GUID 
[ODS] [2026.05.25-00.24.40:326][623]LogContentManager: Warning: Could not parse GUID 
[ODS] [2026.05.25-00.24.40:327][623]LogContentManager: Warning: Could not parse GUID 
[ODS] [2026.05.25-00.24.40:329][623]LogContentManager: Warning: Could not parse GUID 
[ODS] [2026.05.25-00.24.40:334][623]LogContentManager: Warning: Could not parse GUID 
[ODS] [2026.05.25-00.24.40:338][623]LogContentManager: Warning: Could not parse GUID 
[ODS] [2026.05.25-00.24.40:344][623]LogContentManager: Warning: Could not parse GUID 
[ODS] [2026.05.25-00.24.40:350][623]LogContentManager: Warning: Could not parse GUID 
[ODS] [2026.05.25-00.24.40:352][623]LogContentManager: Warning: Could not parse GUID 
[ODS] [2026.05.25-00.24.40:353][623]LogContentManager: Warning: Could not parse GUID 
[ODS] [2026.05.25-00.24.40:355][623]LogContentManager: Warning: Could not parse GUID 
[ODS] [2026.05.25-00.24.40:357][623]LogContentManager: Warning: Could not parse GUID 
[ODS] [2026.05.25-00.24.40:358][623]LogContentManager: Warning: Could not parse GUID 
[ODS] [2026.05.25-00.24.40:360][623]LogContentManager: Warning: Could not parse GUID 
[ODS] [2026.05.25-00.24.40:363][623]LogContentManager: Warning: Could not parse GUID 
[ODS] [2026.05.25-00.24.40:365][623]LogContentManager: Warning: Could not parse GUID 
[ODS] [2026.05.25-00.24.40:366][623]LogContentManager: Warning: Could not parse GUID 
[ODS] [2026.05.25-00.24.40:367][623]LogContentManager: Warning: Could not parse GUID 
[ODS] [2026.05.25-00.24.40:369][623]LogContentManager: Warning: Could not parse GUID 
[ODS] [2026.05.25-00.24.40:370][623]LogContentManager: Warning: Could not parse GUID 
[ODS] [2026.05.25-00.24.40:372][623]LogContentManager: Warning: Could not parse GUID 
[ODS] [2026.05.25-00.24.40:373][623]LogContentManager: Warning: Could not parse GUID 
[ODS] [2026.05.25-00.24.40:374][623]LogContentManager: Warning: Could not parse GUID 
[ODS] [2026.05.25-00.24.40:375][623]LogContentManager: Warning: Could not parse GUID 
[ODS] [2026.05.25-00.24.40:384][623]LogContentManager: Warning: Could not parse GUID 
[ODS] [2026.05.25-00.24.40:388][623]LogContentManager: Warning: Could not parse GUID 
[ODS] [2026.05.25-00.24.40:392][623]LogContentService: Warning: Could not find Content Type from full listing: 13
[ODS] [2026.05.25-00.24.40:398][623]LogContentManager: Warning: Could not parse GUID 
[ODS] [2026.05.25-00.24.40:402][623]LogContentManager: Warning: Could not parse GUID 
[ODS] [2026.05.25-00.24.40:407][623]LogContentManager: Warning: Could not parse GUID 
[ODS] [2026.05.25-00.24.40:412][623]LogContentManager: Warning: Could not parse GUID 
[ODS] [2026.05.25-00.24.40:414][623]LogContentManager: Warning: Could not parse GUID 
[ODS] [2026.05.25-00.24.40:415][623]LogContentManager: Warning: Could not parse GUID 
[ODS] [2026.05.25-00.24.40:417][623]LogContentManager: Warning: Could not parse GUID 
[ODS] [2026.05.25-00.24.40:418][623]LogContentManager: Warning: Could not parse GUID 
[ODS] [2026.05.25-00.24.40:420][623]LogContentManager: Warning: Could not parse GUID 
[ODS] [2026.05.25-00.24.40:421][623]LogPlatformInitializerV2: Initialized: ContentManager
[ODS] [2026.05.25-00.24.40:422][623]LogPlatformInitializerV2: Initializing: PersonalizationManagerV2
[ODS] [2026.05.25-00.24.40:425][623]LogPlatformInitializerV2: Initializing: PartyViewController
[ODS] [2026.05.25-00.24.40:429][623]LogPlatformInitializerV2: Initialized: PartyViewController
[ODS] [2026.05.25-00.24.40:500][626]LogPersonalizationManagerV2: Error: Could not resolve skin level for: 63e6c2b6-4a8e-869c-3d4c-e38355226584 f454efd1-49cb-372f-7096-d394df615308
[ODS] [2026.05.25-00.24.40:504][626]LogPersonalizationManagerV2: Error: Could not resolve skin level for: 55d8a0f4-4274-ca67-fe2c-06ab45efdf58 5305d9c4-4f46-fbf4-9e9a-dea772c263b5
[ODS] [2026.05.25-00.24.40:507][626]LogPersonalizationManagerV2: Error: Could not resolve skin level for: 9c82e19d-4575-0200-1a81-3eacf00cf872 27f21d97-4c4b-bd1c-1f08-31830ab0be84
[ODS] [2026.05.25-00.24.40:511][626]LogPersonalizationManagerV2: Error: Could not resolve skin level for: ae3de142-4d85-2547-dd26-4e90bed35cf7 724a7f42-4315-eccf-0e76-77bdd3ec2e09
[ODS] [2026.05.25-00.24.40:514][626]LogPersonalizationManagerV2: Error: Could not resolve skin level for: ee8e8d15-496b-07ac-e5f6-8fae5d4c7b1a 337cb216-4a6e-d85d-88c2-f29ab317784c
[ODS] [2026.05.25-00.24.40:517][626]LogPersonalizationManagerV2: Error: Could not resolve skin level for: ec845bf4-4f79-ddda-a3da-0db3774b2794 acd26127-48ff-8b9e-7ba6-b989af8a4b24
[ODS] [2026.05.25-00.24.40:522][626]LogPersonalizationManagerV2: Error: Could not resolve skin level for: 910be174-449b-c412-ab22-d0873436b21b 70c97fb2-4d79-d4bb-5173-a1888cd4bfd9
[ODS] [2026.05.25-00.24.40:525][626]LogPersonalizationManagerV2: Error: Could not resolve skin level for: 44d4e95c-4157-0037-81b2-17841bf2e8e3 f06657f3-48b6-6314-7235-a9a2749df5b9
[ODS] [2026.05.25-00.24.40:528][626]LogPersonalizationManagerV2: Error: Could not resolve skin level for: 29a0cfab-485b-f5d5-779a-b59f85e204a8 24aee897-4cdc-b0fd-e596-1ba90fa6d1b2
[ODS] [2026.05.25-00.24.40:531][626]LogPersonalizationManagerV2: Error: Could not resolve skin level for: 1baa85b4-4c70-1284-64bb-6481dfc3bb4e 1c63b43b-43c4-04e4-01c9-7aa1bffa5ac1
[ODS] [2026.05.25-00.24.40:534][626]LogPersonalizationManagerV2: Error: Could not resolve skin level for: e336c6b8-418d-9340-d77f-7a9e4cfe0702 1ef6ba68-4dbe-30c7-6bc8-93a6c6f13f04
[ODS] [2026.05.25-00.24.40:538][626]LogPersonalizationManagerV2: Error: Could not resolve skin level for: 42da8ccc-40d5-affc-beec-15aa47b42eda 48ad078a-4dae-2b85-a945-f4b6d1efecbb
[ODS] [2026.05.25-00.24.40:540][626]LogPersonalizationManagerV2: Error: Could not resolve skin level for: a03b24d3-4319-996d-0f8c-94bbfba1dfc7 d1f2920f-469a-3431-ad96-96afbd0017f2
[ODS] [2026.05.25-00.24.40:543][626]LogPersonalizationManagerV2: Error: Could not resolve skin level for: 4ade7faa-4cf1-8376-95ef-39884480959b 3bf1e8e0-47e8-f27a-6054-929575f41a54
[ODS] [2026.05.25-00.24.40:546][626]LogPersonalizationManagerV2: Error: Could not resolve skin level for: c4883e50-4494-202c-3ec3-6b8a9284f00b fd44b2d5-49ee-77ab-fa56-588f3ac0c268
[ODS] [2026.05.25-00.24.40:548][626]LogPersonalizationManagerV2: Error: Could not resolve skin level for: 462080d1-4035-2937-7c09-27aa2a5c27a7 f01d1307-4299-42f5-2c5e-7dab7e69ab19
[ODS] [2026.05.25-00.24.40:552][626]LogPersonalizationManagerV2: Error: Could not resolve skin level for: f7e1b454-4ad4-1063-ec0a-159e56b58941 940fb417-4a9c-3004-41f5-3e8f1f4178b2
[ODS] [2026.05.25-00.24.40:555][626]LogPersonalizationManagerV2: Error: Could not resolve skin level for: 2f59173c-4bed-b6c3-2191-dea9b58be9c7 12cc9ed2-4430-d2fe-3064-f7a19b1ba7c7
[ODS] [2026.05.25-00.24.40:568][626]LogPlatformInitializerV2: Initialized: PersonalizationManagerV2
[ODS] [2026.05.25-00.24.40:569][626]LogPlatformInitializerV2: Platform initialization succeeded. Initialized 45 systems out of 45
[ODS] [2026.05.25-00.24.40:571][626]LogPlatformInitializerV2: Status is now: Initialized
[ODS] [2026.05.25-00.24.41:133][626]LogMapLoadModel: Update: [Map: MainMenu] [Ready: FALSE] [Complete: FALSE]
[ODS] [2026.05.25-00.24.41:153][626]LogMaterial: Warning: /Game/Environment/LandingPage/VFX/Materials/FogLayer_MAT.FogLayer_MAT: Failed to compile Material for platform PCD3D_SM5, Default Material will be used in game.
[ODS] [2026.05.25-00.24.41:203][626]LogPlayerController: Error: ClientSetHUD called with null class
[ODS] [2026.05.25-00.24.41:207][626]LogSkinnedMeshComp: Warning: GetSocketByName(Magazine_Main): No SkeletalMesh for Component(Mesh1P) Actor(MenuDisplayEquippable_C_0)
[ODS] [2026.05.25-00.24.41:211][626]LogSkinnedMeshComp: Warning: GetSocketByName(Magazine_Main): No SkeletalMesh for Component(Mesh1P) Actor(MenuDisplayEquippable_C_0)
[ODS] [2026.05.25-00.24.41:213][626]LogSkinnedMeshComp: Warning: GetSocketByName(Magazine_Main): No SkeletalMesh for Component(Mesh1P) Actor(MenuDisplayEquippable_C_0)
[ODS] [2026.05.25-00.24.41:216][626]LogSkinnedMeshComp: Warning: GetSocketByName(Magazine_Main): No SkeletalMesh for Component(Mesh1P) Actor(MenuDisplayEquippable_C_1)
[ODS] [2026.05.25-00.24.41:220][626]LogSkinnedMeshComp: Warning: GetSocketByName(Magazine_Main): No SkeletalMesh for Component(Mesh1P) Actor(MenuDisplayEquippable_C_1)
[ODS] [2026.05.25-00.24.41:222][626]LogSkinnedMeshComp: Warning: GetSocketByName(Magazine_Main): No SkeletalMesh for Component(Mesh1P) Actor(MenuDisplayEquippable_C_1)
[ODS] [2026.05.25-00.24.41:257][626]LogMapLoadModel: Update: [Map: MainMenu] [Ready: TRUE] [Complete: FALSE]
[ODS] [2026.05.25-00.24.41:258][626]LogGameFlowStateManagerV2: [PlatformTime: 1938.958821] Transitioning from Initialization to MainMenu
[ODS] [2026.05.25-00.24.41:552][636]LogHttp: Warning: 00000172F1C58080: request failed, libcurl error: 6 (Couldn't resolve host name)
[ODS] [2026.05.25-00.24.41:555][636]LogHttp: Warning: 00000172F1C58080: libcurl info message cache 0 (Could not resolve host: pdx2collector.rtp.service.riotgames.com)
[ODS] [2026.05.25-00.24.41:558][636]LogHttp: Warning: 00000172F1C58080: libcurl info message cache 1 (Closing connection 104)
[ODS] [2026.05.25-00.24.41:560][636]LogRTPPlugin: Error: RTPPlugin failed to submit telemetry for unknown reason. Url: https://pdx2collector.rtp.service.riotgames.com/collector/v1/events/rfc422Metrics
[ODS] [2026.05.25-00.25.05:013][754]LogMenuStackManager: Warning: Attempted to open a popup that is already open: SettingsScreenV2_C
[ODS] [2026.05.25-00.25.13:185][927]LogTextChatService: Warning: Unhandled received MUCParticipant notification(s) for unexpected conversation ares-team-33333333-3333-3333-3333-333333333333@conference.pvp.net.
[ODS] [2026.05.25-00.25.22:686][221]LogPlatformSessionManager: Loopstate changed from MENUS to PREGAME
[ODS] [2026.05.25-00.25.22:689][221]LogGameFlowStateManagerV2: [PlatformTime: 1980.389240] Transitioning from MainMenu to TransitionToPregame
[ODS] [2026.05.25-00.25.22:697][222]LogTravelManager: Beginning travel to /Game/Maps/PregameV2/CharacterSelectPersistentLevel
[ODS] [2026.05.25-00.25.22:739][222]LogSkinnedMeshComp: Warning: GetSocketByName(Magazine_Main): No SkeletalMesh for Component(Mesh1P) Actor(None)
[ODS] [2026.05.25-00.25.22:741][222]LogSkinnedMeshComp: Warning: GetSocketByName(Magazine_Main): No SkeletalMesh for Component(Mesh1P) Actor(None)
[ODS] [2026.05.25-00.25.22:821][222]LogAresPlayerController: Warning: PostInitializeComponents: Can't find a UIGlobalsClass
[ODS] [2026.05.25-00.25.22:900][222]LogConsoleManager: Warning: Setting the console variable 'r.ViewDistanceScale' with 'SetByScalability' was ignored as it is lower priority than the previous 'SetByCode'. Value remains '1'
[ODS] [2026.05.25-00.25.22:905][222]LogConsoleManager: Warning: Setting the console variable 'r.LightFunctionQuality' with 'SetByScalability' was ignored as it is lower priority than the previous 'SetByGameSetting'. Value remains '2'
[ODS] [2026.05.25-00.25.22:908][222]LogConsoleManager: Warning: Setting the console variable 'r.ShadowQuality' with 'SetByScalability' was ignored as it is lower priority than the previous 'SetByGameSetting'. Value remains '5'
[ODS] [2026.05.25-00.25.22:911][222]LogConsoleManager: Warning: Setting the console variable 'r.Shadow.CSM.MaxCascades' with 'SetByScalability' was ignored as it is lower priority than the previous 'SetByGameSetting'. Value remains '4'
[ODS] [2026.05.25-00.25.22:915][222]LogConsoleManager: Warning: Setting the console variable 'r.Shadow.MaxResolution' with 'SetByScalability' was ignored as it is lower priority than the previous 'SetByGameSetting'. Value remains '1024'
[ODS] [2026.05.25-00.25.22:918][222]LogConsoleManager: Warning: Setting the console variable 'r.Shadow.RadiusThreshold' with 'SetByScalability' was ignored as it is lower priority than the previous 'SetByGameSetting'. Value remains '0.03'
[ODS] [2026.05.25-00.25.22:922][222]LogConsoleManager: Warning: Setting the console variable 'r.Shadow.DistanceScale' with 'SetByScalability' was ignored as it is lower priority than the previous 'SetByGameSetting'. Value remains '1'
[ODS] [2026.05.25-00.25.22:925][222]LogConsoleManager: Warning: Setting the console variable 'r.Shadow.CSM.TransitionScale' with 'SetByScalability' was ignored as it is lower priority than the previous 'SetByGameSetting'. Value remains '1'
[ODS] [2026.05.25-00.25.22:929][222]LogConsoleManager: Warning: Setting the console variable 'r.MotionBlurQuality' with 'SetByScalability' was ignored as it is lower priority than the previous 'SetByCode'. Value remains '0'
[ODS] [2026.05.25-00.25.22:932][222]LogConsoleManager: Warning: Setting the console variable 'r.AmbientOcclusionLevels' with 'SetByScalability' was ignored as it is lower priority than the previous 'SetByCode'. Value remains '0'
[ODS] [2026.05.25-00.25.22:935][222]LogConsoleManager: Warning: Setting the console variable 'r.DepthOfFieldQuality' with 'SetByScalability' was ignored as it is lower priority than the previous 'SetByCode'. Value remains '0'
[ODS] [2026.05.25-00.25.22:939][222]LogConsoleManager: Warning: Setting the console variable 'r.LensFlareQuality' with 'SetByScalability' was ignored as it is lower priority than the previous 'SetByCode'. Value remains '0'
[ODS] [2026.05.25-00.25.22:942][222]LogConsoleManager: Warning: Setting the console variable 'r.SceneColorFringeQuality' with 'SetByScalability' was ignored as it is lower priority than the previous 'SetByCode'. Value remains '0'
[ODS] [2026.05.25-00.25.22:945][222]LogConsoleManager: Warning: Setting the console variable 'r.EyeAdaptationQuality' with 'SetByScalability' was ignored as it is lower priority than the previous 'SetByGameSetting'. Value remains '1'
[ODS] [2026.05.25-00.25.22:948][222]LogConsoleManager: Warning: Setting the console variable 'r.FastBlurThreshold' with 'SetByScalability' was ignored as it is lower priority than the previous 'SetByCode'. Value remains '0'
[ODS] [2026.05.25-00.25.22:953][222]LogConsoleManager: Warning: Setting the console variable 'r.Tonemapper.Quality' with 'SetByScalability' was ignored as it is lower priority than the previous 'SetByGameSetting'. Value remains '4'
[ODS] [2026.05.25-00.25.22:956][222]LogConsoleManager: Warning: Setting the console variable 'r.MaxAnisotropy' with 'SetByScalability' was ignored as it is lower priority than the previous 'SetByGameSetting'. Value remains '4'
[ODS] [2026.05.25-00.25.22:959][222]LogConsoleManager: Warning: Setting the console variable 'r.TranslucencyLightingVolumeDim' with 'SetByScalability' was ignored as it is lower priority than the previous 'SetByGameSetting'. Value remains '4'
[ODS] [2026.05.25-00.25.22:962][222]LogConsoleManager: Warning: Setting the console variable 'r.RefractionQuality' with 'SetByScalability' was ignored as it is lower priority than the previous 'SetByGameSetting'. Value remains '2'
[ODS] [2026.05.25-00.25.22:965][222]LogConsoleManager: Warning: Setting the console variable 'r.SSR.Quality' with 'SetByScalability' was ignored as it is lower priority than the previous 'SetByCode'. Value remains '0'
[ODS] [2026.05.25-00.25.22:969][222]LogConsoleManager: Warning: Setting the console variable 'r.TranslucencyVolumeBlur' with 'SetByScalability' was ignored as it is lower priority than the previous 'SetByCode'. Value remains '0'
[ODS] [2026.05.25-00.25.22:974][222]LogConsoleManager: Warning: Setting the console variable 'r.DefaultFeature.Bloom' with 'SetByGameSetting' was ignored as it is lower priority than the previous 'SetByProjectSetting'. Value remains '1'
[ODS] [2026.05.25-00.25.22:977][222]LogPlayerController: Error: ClientSetHUD called with null class
[ODS] [2026.05.25-00.25.22:979][222]LogMapLoadModel: Update: [Map: CharacterSelectPersistentLevel] [Ready: FALSE] [Complete: FALSE]
[ODS] [2026.05.25-00.25.23:059][222]LogMapLoadModel: Update: [Map: CharacterSelectPersistentLevel] [Ready: TRUE] [Complete: FALSE]
[ODS] [2026.05.25-00.25.23:061][222]LogGameFlowStateManagerV2: [PlatformTime: 1980.761646] Transitioning from TransitionToPregame to Pregame
[ODS] [2026.05.25-00.25.23:067][222]LogContentLibraryCharacter: Warning: Missing UI Data for BaseCharacterPrimaryDataAsset_C
[ODS] [2026.05.25-00.25.29:586][ 68]LogCoreGameManager: Warning: RefreshPlayer invoked while loop state is not INGAME.
[ODS] [2026.05.25-00.25.32:764][523]LogPlatformSessionManager: Loopstate changed from PREGAME to INGAME
[ODS] [2026.05.25-00.25.32:765][523]LogGameFlowStateManagerV2: [PlatformTime: 1990.465711] Transitioning from Pregame to TransitionToInGame
[ODS] [2026.05.25-00.25.32:829][529]LogPregameManager: Error: SubscribeToMatchChanges called without a PregamePlayer or MatchID
[ODS] [2026.05.25-00.25.32:837][530]LogTextChatService: Warning: Unhandled received MUCParticipant notification(s) for unexpected conversation ares-team-33333333-3333-3333-3333-333333333333@conference.pvp.net.
[ODS] [2026.05.25-00.25.32:850][532]LogVanguardManager: Warning: Skipping game start message due to empty CurrentMatchID: ''.
[ODS] [2026.05.25-00.25.32:892][538]LogTextChatRoomV2: Error: Received a ConnectToChatService request for a room that should already be connected.  Room: ares-team-33333333-3333-3333-3333-333333333333@conference.pvp.net
[ODS] [2026.05.25-00.25.33:130][572]LogTextChatService: Warning: Unhandled received MUCParticipant notification(s) for unexpected conversation ares-all-33333333-3333-3333-3333-333333333333@conference.pvp.net.
[ODS] [2026.05.25-00.25.33:252][586]LogTravelManager: Beginning travel to 127.0.0.1:7777
[ODS] [2026.05.25-00.25.46:206][802]LogMenuStackManager: Warning: Widget was not found within menu stack: PregameCharacterSelectV2_C
[ODS] [2026.05.25-00.25.46:221][802]LogTelemetryManager: Telemetry worker stopped. Flushing unfinished tasks.
[ODS] [2026.05.25-00.25.46:227][802]LogTelemetryManager: Flush completed successfully.
[ODS] [2026.05.25-00.25.46:484][802]LogAresNetDriver: Printing NetDriver Stats
UAresNetDriver Lifetime Stats:
  ->       TotalLifetime: 0.00s
  ->      InTotalPackets: 0
  ->  InTotalPacketsLost: 0 (-nan(ind)%)
  -> InOutOfOrderPackets: 0 (-nan(ind)%)
  ->        InTotalBytes: 0 (-nan(ind)/sec)
  ->       OutTotalBytes: 0 (-nan(ind)/sec)

[ODS] [2026.05.25-00.25.46:522][802]LogAresNetDriver: Printing NetDriver Stats
UAresNetDriver Lifetime Stats:
  ->       TotalLifetime: 12.85s
  ->      InTotalPackets: 0
  ->  InTotalPacketsLost: 0 (-nan(ind)%)
  -> InOutOfOrderPackets: 0 (-nan(ind)%)
  ->        InTotalBytes: 0 (0.00/sec)
  ->       OutTotalBytes: 0 (0.00/sec)

[ODS] [2026.05.25-00.25.46:806][802]LogTelemetryManager: Telemetry worker stopped. Flushing unfinished tasks.
[ODS] [2026.05.25-00.25.46:808][802]LogTelemetryManager: Flush completed successfully.
[ODS] [2026.05.25-00.25.46:935][802]LogHttp: Warning: 00000172D0BADD00: request failed, libcurl error: 27 (Out of memory)
[ODS] [2026.05.25-00.25.46:937][802]LogHttp: Warning: 00000172D0BADD00: libcurl info message cache 0 (Found bundle for host 127.0.0.1: 0x172d69930a0 [serially])
[ODS] [2026.05.25-00.25.46:939][802]LogHttp: Warning: 00000172D0BADD00: libcurl info message cache 1 (Hostname 127.0.0.1 was found in DNS cache)
[ODS] [2026.05.25-00.25.46:942][802]LogHttp: Warning: 00000172D0BADD00: libcurl info message cache 2 (  Trying 127.0.0.1...)
[ODS] [2026.05.25-00.25.46:944][802]LogHttp: Warning: 00000172D0BADD00: libcurl info message cache 3 (TCP_NODELAY set)
[ODS] [2026.05.25-00.25.46:946][802]LogHttp: Warning: 00000172D0BADD00: libcurl info message cache 4 (Connected to 127.0.0.1 (127.0.0.1) port 55504 (#187))
[ODS] [2026.05.25-00.25.46:949][802]LogHttp: Warning: 00000172D0BADD00: libcurl info message cache 5 (SSL: couldn't create a context: error:140A90F1:lib(20):func(169):reason(241))
[ODS] [2026.05.25-00.25.46:951][802]LogHttp: Warning: 00000172D0BADD00: libcurl info message cache 6 (Closing connection 187)
[ODS] [2026.05.25-00.25.46:953][802]LogHttp: Warning: 00000172DD7FAD80: request failed, libcurl error: 27 (Out of memory)
[ODS] [2026.05.25-00.25.46:955][802]LogHttp: Warning: 00000172DD7FAD80: libcurl info message cache 0 (Found bundle for host 127.0.0.1: 0x172d69930a0 [serially])
[ODS] [2026.05.25-00.25.46:959][802]LogHttp: Warning: 00000172DD7FAD80: libcurl info message cache 1 (Hostname 127.0.0.1 was found in DNS cache)
[ODS] [2026.05.25-00.25.46:961][802]LogHttp: Warning: 00000172DD7FAD80: libcurl info message cache 2 (  Trying 127.0.0.1...)
[ODS] [2026.05.25-00.25.46:963][802]LogHttp: Warning: 00000172DD7FAD80: libcurl info message cache 3 (TCP_NODELAY set)
[ODS] [2026.05.25-00.25.46:965][802]LogHttp: Warning: 00000172DD7FAD80: libcurl info message cache 4 (Connected to 127.0.0.1 (127.0.0.1) port 55504 (#188))
[ODS] [2026.05.25-00.25.46:967][802]LogHttp: Warning: 00000172DD7FAD80: libcurl info message cache 5 (SSL: couldn't create a context: error:140A90F1:lib(20):func(169):reason(241))
[ODS] [2026.05.25-00.25.46:970][802]LogHttp: Warning: 00000172DD7FAD80: libcurl info message cache 6 (Closing connection 188)
